<?xml version="1.0" encoding="UTF-8"?>
<testsuite hostname="ir000781" name="org.reactivestreams.tck.PublisherVerification" tests="36" failures="19" timestamp="18 Jan 2016 16:40:43 GMT" time="0.21" errors="0">
  <testcase name="optional_spec104_mustSignalOnErrorWhenFails" time="0.007" classname="com.aol.simple.react.reactivestreams.TckAsynchronousPublisherTest">
    <skipped/>
  </testcase>
  <testcase name="optional_spec105_emptyStreamMustTerminateBySignallingOnComplete" time="0.118" classname="com.aol.simple.react.reactivestreams.TckAsynchronousPublisherTest">
    <skipped/>
  </testcase>
  <testcase name="optional_spec111_maySupportMultiSubscribe" time="0.002" classname="com.aol.simple.react.reactivestreams.TckAsynchronousPublisherTest">
    <skipped/>
  </testcase>
  <testcase name="optional_spec111_multicast_mustProduceTheSameElementsInTheSameSequenceToAllOfItsSubscribersWhenRequestingManyUpfront" time="0.001" classname="com.aol.simple.react.reactivestreams.TckAsynchronousPublisherTest">
    <skipped/>
  </testcase>
  <testcase name="optional_spec111_multicast_mustProduceTheSameElementsInTheSameSequenceToAllOfItsSubscribersWhenRequestingManyUpfrontAndCompleteAsExpected" time="0.002" classname="com.aol.simple.react.reactivestreams.TckAsynchronousPublisherTest">
    <skipped/>
  </testcase>
  <testcase name="optional_spec111_multicast_mustProduceTheSameElementsInTheSameSequenceToAllOfItsSubscribersWhenRequestingOneByOne" time="0.001" classname="com.aol.simple.react.reactivestreams.TckAsynchronousPublisherTest">
    <skipped/>
  </testcase>
  <testcase name="required_createPublisher1MustProduceAStreamOfExactly1Element" time="0.001" classname="com.aol.simple.react.reactivestreams.TckAsynchronousPublisherTest">
    <failure type="java.lang.NullPointerException">
      <![CDATA[java.lang.NullPointerException
	at java.util.concurrent.CompletableFuture.screenExecutor(CompletableFuture.java:415)
	at java.util.concurrent.CompletableFuture.runAsync(CompletableFuture.java:1850)
	at com.aol.simple.react.reactivestreams.FutureStreamAsyncPublisher$1.<init>(FutureStreamAsyncPublisher.java:66)
	at com.aol.simple.react.reactivestreams.FutureStreamAsyncPublisher.subscribe(FutureStreamAsyncPublisher.java:59)
	at com.aol.simple.react.stream.traits.LazyFutureStream.subscribe(LazyFutureStream.java:565)
	at org.reactivestreams.tck.TestEnvironment.subscribe(TestEnvironment.java:192)
	at org.reactivestreams.tck.TestEnvironment.newManualSubscriber(TestEnvironment.java:209)
	at org.reactivestreams.tck.TestEnvironment.newManualSubscriber(TestEnvironment.java:204)
	at org.reactivestreams.tck.PublisherVerification$1.run(PublisherVerification.java:151)
	at org.reactivestreams.tck.PublisherVerification.activePublisherTest(PublisherVerification.java:1092)
	at org.reactivestreams.tck.PublisherVerification.required_createPublisher1MustProduceAStreamOfExactly1Element(PublisherVerification.java:148)
	at sun.reflect.NativeMethodAccessorImpl.invoke0(Native Method)
	at sun.reflect.NativeMethodAccessorImpl.invoke(NativeMethodAccessorImpl.java:62)
	at sun.reflect.DelegatingMethodAccessorImpl.invoke(DelegatingMethodAccessorImpl.java:43)
	at java.lang.reflect.Method.invoke(Method.java:497)
	at org.testng.internal.MethodInvocationHelper.invokeMethod(MethodInvocationHelper.java:74)
	at org.testng.internal.Invoker.invokeMethod(Invoker.java:673)
	at org.testng.internal.Invoker.invokeTestMethod(Invoker.java:846)
	at org.testng.internal.Invoker.invokeTestMethods(Invoker.java:1170)
	at org.testng.internal.TestMethodWorker.invokeTestMethods(TestMethodWorker.java:125)
	at org.testng.internal.TestMethodWorker.run(TestMethodWorker.java:109)
	at org.testng.TestRunner.runWorkers(TestRunner.java:1147)
	at org.testng.TestRunner.privateRun(TestRunner.java:749)
	at org.testng.TestRunner.run(TestRunner.java:600)
	at org.testng.SuiteRunner.runTest(SuiteRunner.java:317)
	at org.testng.SuiteRunner.runSequentially(SuiteRunner.java:312)
	at org.testng.SuiteRunner.privateRun(SuiteRunner.java:274)
	at org.testng.SuiteRunner.run(SuiteRunner.java:223)
	at org.testng.SuiteRunnerWorker.runSuite(SuiteRunnerWorker.java:52)
	at org.testng.SuiteRunnerWorker.run(SuiteRunnerWorker.java:86)
	at org.testng.TestNG.runSuitesSequentially(TestNG.java:1039)
	at org.testng.TestNG.runSuitesLocally(TestNG.java:964)
	at org.testng.TestNG.run(TestNG.java:900)
	at org.testng.remote.RemoteTestNG.run(RemoteTestNG.java:110)
	at org.testng.remote.RemoteTestNG.initAndRun(RemoteTestNG.java:205)
	at org.testng.remote.RemoteTestNG.main(RemoteTestNG.java:174)
]]>
    </failure>
  </testcase>
  <testcase name="required_createPublisher3MustProduceAStreamOfExactly3Elements" time="0.0" classname="com.aol.simple.react.reactivestreams.TckAsynchronousPublisherTest">
    <failure type="java.lang.NullPointerException">
      <![CDATA[java.lang.NullPointerException
	at java.util.concurrent.CompletableFuture.screenExecutor(CompletableFuture.java:415)
	at java.util.concurrent.CompletableFuture.runAsync(CompletableFuture.java:1850)
	at com.aol.simple.react.reactivestreams.FutureStreamAsyncPublisher$1.<init>(FutureStreamAsyncPublisher.java:66)
	at com.aol.simple.react.reactivestreams.FutureStreamAsyncPublisher.subscribe(FutureStreamAsyncPublisher.java:59)
	at com.aol.simple.react.stream.traits.LazyFutureStream.subscribe(LazyFutureStream.java:565)
	at org.reactivestreams.tck.TestEnvironment.subscribe(TestEnvironment.java:192)
	at org.reactivestreams.tck.TestEnvironment.newManualSubscriber(TestEnvironment.java:209)
	at org.reactivestreams.tck.TestEnvironment.newManualSubscriber(TestEnvironment.java:204)
	at org.reactivestreams.tck.PublisherVerification$2.run(PublisherVerification.java:168)
	at org.reactivestreams.tck.PublisherVerification.activePublisherTest(PublisherVerification.java:1092)
	at org.reactivestreams.tck.PublisherVerification.required_createPublisher3MustProduceAStreamOfExactly3Elements(PublisherVerification.java:165)
	at sun.reflect.NativeMethodAccessorImpl.invoke0(Native Method)
	at sun.reflect.NativeMethodAccessorImpl.invoke(NativeMethodAccessorImpl.java:62)
	at sun.reflect.DelegatingMethodAccessorImpl.invoke(DelegatingMethodAccessorImpl.java:43)
	at java.lang.reflect.Method.invoke(Method.java:497)
	at org.testng.internal.MethodInvocationHelper.invokeMethod(MethodInvocationHelper.java:74)
	at org.testng.internal.Invoker.invokeMethod(Invoker.java:673)
	at org.testng.internal.Invoker.invokeTestMethod(Invoker.java:846)
	at org.testng.internal.Invoker.invokeTestMethods(Invoker.java:1170)
	at org.testng.internal.TestMethodWorker.invokeTestMethods(TestMethodWorker.java:125)
	at org.testng.internal.TestMethodWorker.run(TestMethodWorker.java:109)
	at org.testng.TestRunner.runWorkers(TestRunner.java:1147)
	at org.testng.TestRunner.privateRun(TestRunner.java:749)
	at org.testng.TestRunner.run(TestRunner.java:600)
	at org.testng.SuiteRunner.runTest(SuiteRunner.java:317)
	at org.testng.SuiteRunner.runSequentially(SuiteRunner.java:312)
	at org.testng.SuiteRunner.privateRun(SuiteRunner.java:274)
	at org.testng.SuiteRunner.run(SuiteRunner.java:223)
	at org.testng.SuiteRunnerWorker.runSuite(SuiteRunnerWorker.java:52)
	at org.testng.SuiteRunnerWorker.run(SuiteRunnerWorker.java:86)
	at org.testng.TestNG.runSuitesSequentially(TestNG.java:1039)
	at org.testng.TestNG.runSuitesLocally(TestNG.java:964)
	at org.testng.TestNG.run(TestNG.java:900)
	at org.testng.remote.RemoteTestNG.run(RemoteTestNG.java:110)
	at org.testng.remote.RemoteTestNG.initAndRun(RemoteTestNG.java:205)
	at org.testng.remote.RemoteTestNG.main(RemoteTestNG.java:174)
]]>
    </failure>
  </testcase>
  <testcase name="required_spec101_subscriptionRequestMustResultInTheCorrectNumberOfProducedElements" time="0.001" classname="com.aol.simple.react.reactivestreams.TckAsynchronousPublisherTest">
    <failure type="java.lang.NullPointerException">
      <![CDATA[java.lang.NullPointerException
	at java.util.concurrent.CompletableFuture.screenExecutor(CompletableFuture.java:415)
	at java.util.concurrent.CompletableFuture.runAsync(CompletableFuture.java:1850)
	at com.aol.simple.react.reactivestreams.FutureStreamAsyncPublisher$1.<init>(FutureStreamAsyncPublisher.java:66)
	at com.aol.simple.react.reactivestreams.FutureStreamAsyncPublisher.subscribe(FutureStreamAsyncPublisher.java:59)
	at com.aol.simple.react.stream.traits.LazyFutureStream.subscribe(LazyFutureStream.java:565)
	at org.reactivestreams.tck.TestEnvironment.subscribe(TestEnvironment.java:192)
	at org.reactivestreams.tck.TestEnvironment.newManualSubscriber(TestEnvironment.java:209)
	at org.reactivestreams.tck.TestEnvironment.newManualSubscriber(TestEnvironment.java:204)
	at org.reactivestreams.tck.PublisherVerification$3.run(PublisherVerification.java:202)
	at org.reactivestreams.tck.PublisherVerification.activePublisherTest(PublisherVerification.java:1092)
	at org.reactivestreams.tck.PublisherVerification.required_spec101_subscriptionRequestMustResultInTheCorrectNumberOfProducedElements(PublisherVerification.java:198)
	at sun.reflect.NativeMethodAccessorImpl.invoke0(Native Method)
	at sun.reflect.NativeMethodAccessorImpl.invoke(NativeMethodAccessorImpl.java:62)
	at sun.reflect.DelegatingMethodAccessorImpl.invoke(DelegatingMethodAccessorImpl.java:43)
	at java.lang.reflect.Method.invoke(Method.java:497)
	at org.testng.internal.MethodInvocationHelper.invokeMethod(MethodInvocationHelper.java:74)
	at org.testng.internal.Invoker.invokeMethod(Invoker.java:673)
	at org.testng.internal.Invoker.invokeTestMethod(Invoker.java:846)
	at org.testng.internal.Invoker.invokeTestMethods(Invoker.java:1170)
	at org.testng.internal.TestMethodWorker.invokeTestMethods(TestMethodWorker.java:125)
	at org.testng.internal.TestMethodWorker.run(TestMethodWorker.java:109)
	at org.testng.TestRunner.runWorkers(TestRunner.java:1147)
	at org.testng.TestRunner.privateRun(TestRunner.java:749)
	at org.testng.TestRunner.run(TestRunner.java:600)
	at org.testng.SuiteRunner.runTest(SuiteRunner.java:317)
	at org.testng.SuiteRunner.runSequentially(SuiteRunner.java:312)
	at org.testng.SuiteRunner.privateRun(SuiteRunner.java:274)
	at org.testng.SuiteRunner.run(SuiteRunner.java:223)
	at org.testng.SuiteRunnerWorker.runSuite(SuiteRunnerWorker.java:52)
	at org.testng.SuiteRunnerWorker.run(SuiteRunnerWorker.java:86)
	at org.testng.TestNG.runSuitesSequentially(TestNG.java:1039)
	at org.testng.TestNG.runSuitesLocally(TestNG.java:964)
	at org.testng.TestNG.run(TestNG.java:900)
	at org.testng.remote.RemoteTestNG.run(RemoteTestNG.java:110)
	at org.testng.remote.RemoteTestNG.initAndRun(RemoteTestNG.java:205)
	at org.testng.remote.RemoteTestNG.main(RemoteTestNG.java:174)
]]>
    </failure>
  </testcase>
  <testcase name="required_spec102_maySignalLessThanRequestedAndTerminateSubscription" time="0.001" classname="com.aol.simple.react.reactivestreams.TckAsynchronousPublisherTest">
    <failure type="java.lang.NullPointerException">
      <![CDATA[java.lang.NullPointerException
	at java.util.concurrent.CompletableFuture.screenExecutor(CompletableFuture.java:415)
	at java.util.concurrent.CompletableFuture.runAsync(CompletableFuture.java:1850)
	at com.aol.simple.react.reactivestreams.FutureStreamAsyncPublisher$1.<init>(FutureStreamAsyncPublisher.java:66)
	at com.aol.simple.react.reactivestreams.FutureStreamAsyncPublisher.subscribe(FutureStreamAsyncPublisher.java:59)
	at com.aol.simple.react.stream.traits.LazyFutureStream.subscribe(LazyFutureStream.java:565)
	at org.reactivestreams.tck.TestEnvironment.subscribe(TestEnvironment.java:192)
	at org.reactivestreams.tck.TestEnvironment.newManualSubscriber(TestEnvironment.java:209)
	at org.reactivestreams.tck.TestEnvironment.newManualSubscriber(TestEnvironment.java:204)
	at org.reactivestreams.tck.PublisherVerification$4.run(PublisherVerification.java:227)
	at org.reactivestreams.tck.PublisherVerification.activePublisherTest(PublisherVerification.java:1092)
	at org.reactivestreams.tck.PublisherVerification.required_spec102_maySignalLessThanRequestedAndTerminateSubscription(PublisherVerification.java:224)
	at sun.reflect.NativeMethodAccessorImpl.invoke0(Native Method)
	at sun.reflect.NativeMethodAccessorImpl.invoke(NativeMethodAccessorImpl.java:62)
	at sun.reflect.DelegatingMethodAccessorImpl.invoke(DelegatingMethodAccessorImpl.java:43)
	at java.lang.reflect.Method.invoke(Method.java:497)
	at org.testng.internal.MethodInvocationHelper.invokeMethod(MethodInvocationHelper.java:74)
	at org.testng.internal.Invoker.invokeMethod(Invoker.java:673)
	at org.testng.internal.Invoker.invokeTestMethod(Invoker.java:846)
	at org.testng.internal.Invoker.invokeTestMethods(Invoker.java:1170)
	at org.testng.internal.TestMethodWorker.invokeTestMethods(TestMethodWorker.java:125)
	at org.testng.internal.TestMethodWorker.run(TestMethodWorker.java:109)
	at org.testng.TestRunner.runWorkers(TestRunner.java:1147)
	at org.testng.TestRunner.privateRun(TestRunner.java:749)
	at org.testng.TestRunner.run(TestRunner.java:600)
	at org.testng.SuiteRunner.runTest(SuiteRunner.java:317)
	at org.testng.SuiteRunner.runSequentially(SuiteRunner.java:312)
	at org.testng.SuiteRunner.privateRun(SuiteRunner.java:274)
	at org.testng.SuiteRunner.run(SuiteRunner.java:223)
	at org.testng.SuiteRunnerWorker.runSuite(SuiteRunnerWorker.java:52)
	at org.testng.SuiteRunnerWorker.run(SuiteRunnerWorker.java:86)
	at org.testng.TestNG.runSuitesSequentially(TestNG.java:1039)
	at org.testng.TestNG.runSuitesLocally(TestNG.java:964)
	at org.testng.TestNG.run(TestNG.java:900)
	at org.testng.remote.RemoteTestNG.run(RemoteTestNG.java:110)
	at org.testng.remote.RemoteTestNG.initAndRun(RemoteTestNG.java:205)
	at org.testng.remote.RemoteTestNG.main(RemoteTestNG.java:174)
]]>
    </failure>
  </testcase>
  <testcase name="required_spec105_mustSignalOnCompleteWhenFiniteStreamTerminates" time="0.002" classname="com.aol.simple.react.reactivestreams.TckAsynchronousPublisherTest">
    <failure type="java.lang.NullPointerException">
      <![CDATA[java.lang.NullPointerException
	at java.util.concurrent.CompletableFuture.screenExecutor(CompletableFuture.java:415)
	at java.util.concurrent.CompletableFuture.runAsync(CompletableFuture.java:1850)
	at com.aol.simple.react.reactivestreams.FutureStreamAsyncPublisher$1.<init>(FutureStreamAsyncPublisher.java:66)
	at com.aol.simple.react.reactivestreams.FutureStreamAsyncPublisher.subscribe(FutureStreamAsyncPublisher.java:59)
	at com.aol.simple.react.stream.traits.LazyFutureStream.subscribe(LazyFutureStream.java:565)
	at org.reactivestreams.tck.TestEnvironment.subscribe(TestEnvironment.java:192)
	at org.reactivestreams.tck.TestEnvironment.newManualSubscriber(TestEnvironment.java:209)
	at org.reactivestreams.tck.TestEnvironment.newManualSubscriber(TestEnvironment.java:204)
	at org.reactivestreams.tck.PublisherVerification$7.run(PublisherVerification.java:386)
	at org.reactivestreams.tck.PublisherVerification.activePublisherTest(PublisherVerification.java:1092)
	at org.reactivestreams.tck.PublisherVerification.required_spec105_mustSignalOnCompleteWhenFiniteStreamTerminates(PublisherVerification.java:383)
	at sun.reflect.NativeMethodAccessorImpl.invoke0(Native Method)
	at sun.reflect.NativeMethodAccessorImpl.invoke(NativeMethodAccessorImpl.java:62)
	at sun.reflect.DelegatingMethodAccessorImpl.invoke(DelegatingMethodAccessorImpl.java:43)
	at java.lang.reflect.Method.invoke(Method.java:497)
	at org.testng.internal.MethodInvocationHelper.invokeMethod(MethodInvocationHelper.java:74)
	at org.testng.internal.Invoker.invokeMethod(Invoker.java:673)
	at org.testng.internal.Invoker.invokeTestMethod(Invoker.java:846)
	at org.testng.internal.Invoker.invokeTestMethods(Invoker.java:1170)
	at org.testng.internal.TestMethodWorker.invokeTestMethods(TestMethodWorker.java:125)
	at org.testng.internal.TestMethodWorker.run(TestMethodWorker.java:109)
	at org.testng.TestRunner.runWorkers(TestRunner.java:1147)
	at org.testng.TestRunner.privateRun(TestRunner.java:749)
	at org.testng.TestRunner.run(TestRunner.java:600)
	at org.testng.SuiteRunner.runTest(SuiteRunner.java:317)
	at org.testng.SuiteRunner.runSequentially(SuiteRunner.java:312)
	at org.testng.SuiteRunner.privateRun(SuiteRunner.java:274)
	at org.testng.SuiteRunner.run(SuiteRunner.java:223)
	at org.testng.SuiteRunnerWorker.runSuite(SuiteRunnerWorker.java:52)
	at org.testng.SuiteRunnerWorker.run(SuiteRunnerWorker.java:86)
	at org.testng.TestNG.runSuitesSequentially(TestNG.java:1039)
	at org.testng.TestNG.runSuitesLocally(TestNG.java:964)
	at org.testng.TestNG.run(TestNG.java:900)
	at org.testng.remote.RemoteTestNG.run(RemoteTestNG.java:110)
	at org.testng.remote.RemoteTestNG.initAndRun(RemoteTestNG.java:205)
	at org.testng.remote.RemoteTestNG.main(RemoteTestNG.java:174)
]]>
    </failure>
  </testcase>
  <testcase name="required_spec107_mustNotEmitFurtherSignalsOnceOnCompleteHasBeenSignalled" time="0.001" classname="com.aol.simple.react.reactivestreams.TckAsynchronousPublisherTest">
    <failure type="java.lang.NullPointerException">
      <![CDATA[java.lang.NullPointerException
	at java.util.concurrent.CompletableFuture.screenExecutor(CompletableFuture.java:415)
	at java.util.concurrent.CompletableFuture.runAsync(CompletableFuture.java:1850)
	at com.aol.simple.react.reactivestreams.FutureStreamAsyncPublisher$1.<init>(FutureStreamAsyncPublisher.java:66)
	at com.aol.simple.react.reactivestreams.FutureStreamAsyncPublisher.subscribe(FutureStreamAsyncPublisher.java:59)
	at com.aol.simple.react.stream.traits.LazyFutureStream.subscribe(LazyFutureStream.java:565)
	at org.reactivestreams.tck.TestEnvironment.subscribe(TestEnvironment.java:192)
	at org.reactivestreams.tck.TestEnvironment.newManualSubscriber(TestEnvironment.java:209)
	at org.reactivestreams.tck.TestEnvironment.newManualSubscriber(TestEnvironment.java:204)
	at org.reactivestreams.tck.PublisherVerification$9.run(PublisherVerification.java:422)
	at org.reactivestreams.tck.PublisherVerification.activePublisherTest(PublisherVerification.java:1092)
	at org.reactivestreams.tck.PublisherVerification.required_spec107_mustNotEmitFurtherSignalsOnceOnCompleteHasBeenSignalled(PublisherVerification.java:419)
	at sun.reflect.NativeMethodAccessorImpl.invoke0(Native Method)
	at sun.reflect.NativeMethodAccessorImpl.invoke(NativeMethodAccessorImpl.java:62)
	at sun.reflect.DelegatingMethodAccessorImpl.invoke(DelegatingMethodAccessorImpl.java:43)
	at java.lang.reflect.Method.invoke(Method.java:497)
	at org.testng.internal.MethodInvocationHelper.invokeMethod(MethodInvocationHelper.java:74)
	at org.testng.internal.Invoker.invokeMethod(Invoker.java:673)
	at org.testng.internal.Invoker.invokeTestMethod(Invoker.java:846)
	at org.testng.internal.Invoker.invokeTestMethods(Invoker.java:1170)
	at org.testng.internal.TestMethodWorker.invokeTestMethods(TestMethodWorker.java:125)
	at org.testng.internal.TestMethodWorker.run(TestMethodWorker.java:109)
	at org.testng.TestRunner.runWorkers(TestRunner.java:1147)
	at org.testng.TestRunner.privateRun(TestRunner.java:749)
	at org.testng.TestRunner.run(TestRunner.java:600)
	at org.testng.SuiteRunner.runTest(SuiteRunner.java:317)
	at org.testng.SuiteRunner.runSequentially(SuiteRunner.java:312)
	at org.testng.SuiteRunner.privateRun(SuiteRunner.java:274)
	at org.testng.SuiteRunner.run(SuiteRunner.java:223)
	at org.testng.SuiteRunnerWorker.runSuite(SuiteRunnerWorker.java:52)
	at org.testng.SuiteRunnerWorker.run(SuiteRunnerWorker.java:86)
	at org.testng.TestNG.runSuitesSequentially(TestNG.java:1039)
	at org.testng.TestNG.runSuitesLocally(TestNG.java:964)
	at org.testng.TestNG.run(TestNG.java:900)
	at org.testng.remote.RemoteTestNG.run(RemoteTestNG.java:110)
	at org.testng.remote.RemoteTestNG.initAndRun(RemoteTestNG.java:205)
	at org.testng.remote.RemoteTestNG.main(RemoteTestNG.java:174)
]]>
    </failure>
  </testcase>
  <testcase name="required_spec109_mayRejectCallsToSubscribeIfPublisherIsUnableOrUnwillingToServeThemRejectionMustTriggerOnErrorAfterOnSubscribe" time="0.0" classname="com.aol.simple.react.reactivestreams.TckAsynchronousPublisherTest">
    <skipped/>
  </testcase>
  <testcase name="required_spec109_mustIssueOnSubscribeForNonNullSubscriber" time="0.001" classname="com.aol.simple.react.reactivestreams.TckAsynchronousPublisherTest">
    <failure type="java.lang.NullPointerException">
      <![CDATA[java.lang.NullPointerException
	at java.util.concurrent.CompletableFuture.screenExecutor(CompletableFuture.java:415)
	at java.util.concurrent.CompletableFuture.runAsync(CompletableFuture.java:1850)
	at com.aol.simple.react.reactivestreams.FutureStreamAsyncPublisher$1.<init>(FutureStreamAsyncPublisher.java:66)
	at com.aol.simple.react.reactivestreams.FutureStreamAsyncPublisher.subscribe(FutureStreamAsyncPublisher.java:59)
	at com.aol.simple.react.stream.traits.LazyFutureStream.subscribe(LazyFutureStream.java:565)
	at org.reactivestreams.tck.PublisherVerification$11.run(PublisherVerification.java:475)
	at org.reactivestreams.tck.PublisherVerification.activePublisherTest(PublisherVerification.java:1092)
	at org.reactivestreams.tck.PublisherVerification.required_spec109_mustIssueOnSubscribeForNonNullSubscriber(PublisherVerification.java:471)
	at sun.reflect.NativeMethodAccessorImpl.invoke0(Native Method)
	at sun.reflect.NativeMethodAccessorImpl.invoke(NativeMethodAccessorImpl.java:62)
	at sun.reflect.DelegatingMethodAccessorImpl.invoke(DelegatingMethodAccessorImpl.java:43)
	at java.lang.reflect.Method.invoke(Method.java:497)
	at org.testng.internal.MethodInvocationHelper.invokeMethod(MethodInvocationHelper.java:74)
	at org.testng.internal.Invoker.invokeMethod(Invoker.java:673)
	at org.testng.internal.Invoker.invokeTestMethod(Invoker.java:846)
	at org.testng.internal.Invoker.invokeTestMethods(Invoker.java:1170)
	at org.testng.internal.TestMethodWorker.invokeTestMethods(TestMethodWorker.java:125)
	at org.testng.internal.TestMethodWorker.run(TestMethodWorker.java:109)
	at org.testng.TestRunner.runWorkers(TestRunner.java:1147)
	at org.testng.TestRunner.privateRun(TestRunner.java:749)
	at org.testng.TestRunner.run(TestRunner.java:600)
	at org.testng.SuiteRunner.runTest(SuiteRunner.java:317)
	at org.testng.SuiteRunner.runSequentially(SuiteRunner.java:312)
	at org.testng.SuiteRunner.privateRun(SuiteRunner.java:274)
	at org.testng.SuiteRunner.run(SuiteRunner.java:223)
	at org.testng.SuiteRunnerWorker.runSuite(SuiteRunnerWorker.java:52)
	at org.testng.SuiteRunnerWorker.run(SuiteRunnerWorker.java:86)
	at org.testng.TestNG.runSuitesSequentially(TestNG.java:1039)
	at org.testng.TestNG.runSuitesLocally(TestNG.java:964)
	at org.testng.TestNG.run(TestNG.java:900)
	at org.testng.remote.RemoteTestNG.run(RemoteTestNG.java:110)
	at org.testng.remote.RemoteTestNG.initAndRun(RemoteTestNG.java:205)
	at org.testng.remote.RemoteTestNG.main(RemoteTestNG.java:174)
]]>
    </failure>
  </testcase>
  <testcase name="required_spec109_subscribeThrowNPEOnNullSubscriber" time="0.001" classname="com.aol.simple.react.reactivestreams.TckAsynchronousPublisherTest"/>
  <testcase name="required_spec302_mustAllowSynchronousRequestCallsFromOnNextAndOnSubscribe" time="0.002" classname="com.aol.simple.react.reactivestreams.TckAsynchronousPublisherTest">
    <failure type="java.lang.NullPointerException">
      <![CDATA[java.lang.NullPointerException
	at java.util.concurrent.CompletableFuture.screenExecutor(CompletableFuture.java:415)
	at java.util.concurrent.CompletableFuture.runAsync(CompletableFuture.java:1850)
	at com.aol.simple.react.reactivestreams.FutureStreamAsyncPublisher$1.<init>(FutureStreamAsyncPublisher.java:66)
	at com.aol.simple.react.reactivestreams.FutureStreamAsyncPublisher.subscribe(FutureStreamAsyncPublisher.java:59)
	at com.aol.simple.react.stream.traits.LazyFutureStream.subscribe(LazyFutureStream.java:565)
	at org.reactivestreams.tck.TestEnvironment.subscribe(TestEnvironment.java:192)
	at org.reactivestreams.tck.TestEnvironment.subscribe(TestEnvironment.java:188)
	at org.reactivestreams.tck.PublisherVerification$17.run(PublisherVerification.java:697)
	at org.reactivestreams.tck.PublisherVerification.activePublisherTest(PublisherVerification.java:1092)
	at org.reactivestreams.tck.PublisherVerification.required_spec302_mustAllowSynchronousRequestCallsFromOnNextAndOnSubscribe(PublisherVerification.java:677)
	at sun.reflect.NativeMethodAccessorImpl.invoke0(Native Method)
	at sun.reflect.NativeMethodAccessorImpl.invoke(NativeMethodAccessorImpl.java:62)
	at sun.reflect.DelegatingMethodAccessorImpl.invoke(DelegatingMethodAccessorImpl.java:43)
	at java.lang.reflect.Method.invoke(Method.java:497)
	at org.testng.internal.MethodInvocationHelper.invokeMethod(MethodInvocationHelper.java:74)
	at org.testng.internal.Invoker.invokeMethod(Invoker.java:673)
	at org.testng.internal.Invoker.invokeTestMethod(Invoker.java:846)
	at org.testng.internal.Invoker.invokeTestMethods(Invoker.java:1170)
	at org.testng.internal.TestMethodWorker.invokeTestMethods(TestMethodWorker.java:125)
	at org.testng.internal.TestMethodWorker.run(TestMethodWorker.java:109)
	at org.testng.TestRunner.runWorkers(TestRunner.java:1147)
	at org.testng.TestRunner.privateRun(TestRunner.java:749)
	at org.testng.TestRunner.run(TestRunner.java:600)
	at org.testng.SuiteRunner.runTest(SuiteRunner.java:317)
	at org.testng.SuiteRunner.runSequentially(SuiteRunner.java:312)
	at org.testng.SuiteRunner.privateRun(SuiteRunner.java:274)
	at org.testng.SuiteRunner.run(SuiteRunner.java:223)
	at org.testng.SuiteRunnerWorker.runSuite(SuiteRunnerWorker.java:52)
	at org.testng.SuiteRunnerWorker.run(SuiteRunnerWorker.java:86)
	at org.testng.TestNG.runSuitesSequentially(TestNG.java:1039)
	at org.testng.TestNG.runSuitesLocally(TestNG.java:964)
	at org.testng.TestNG.run(TestNG.java:900)
	at org.testng.remote.RemoteTestNG.run(RemoteTestNG.java:110)
	at org.testng.remote.RemoteTestNG.initAndRun(RemoteTestNG.java:205)
	at org.testng.remote.RemoteTestNG.main(RemoteTestNG.java:174)
]]>
    </failure>
  </testcase>
  <testcase name="required_spec303_mustNotAllowUnboundedRecursion" time="0.004" classname="com.aol.simple.react.reactivestreams.TckAsynchronousPublisherTest">
    <failure type="java.lang.NullPointerException">
      <![CDATA[java.lang.NullPointerException
	at java.util.concurrent.CompletableFuture.screenExecutor(CompletableFuture.java:415)
	at java.util.concurrent.CompletableFuture.runAsync(CompletableFuture.java:1850)
	at com.aol.simple.react.reactivestreams.FutureStreamAsyncPublisher$1.<init>(FutureStreamAsyncPublisher.java:66)
	at com.aol.simple.react.reactivestreams.FutureStreamAsyncPublisher.subscribe(FutureStreamAsyncPublisher.java:59)
	at com.aol.simple.react.stream.traits.LazyFutureStream.subscribe(LazyFutureStream.java:565)
	at org.reactivestreams.tck.TestEnvironment.subscribe(TestEnvironment.java:192)
	at org.reactivestreams.tck.TestEnvironment.subscribe(TestEnvironment.java:188)
	at org.reactivestreams.tck.PublisherVerification$18.run(PublisherVerification.java:770)
	at org.reactivestreams.tck.PublisherVerification.activePublisherTest(PublisherVerification.java:1092)
	at org.reactivestreams.tck.PublisherVerification.required_spec303_mustNotAllowUnboundedRecursion(PublisherVerification.java:710)
	at sun.reflect.NativeMethodAccessorImpl.invoke0(Native Method)
	at sun.reflect.NativeMethodAccessorImpl.invoke(NativeMethodAccessorImpl.java:62)
	at sun.reflect.DelegatingMethodAccessorImpl.invoke(DelegatingMethodAccessorImpl.java:43)
	at java.lang.reflect.Method.invoke(Method.java:497)
	at org.testng.internal.MethodInvocationHelper.invokeMethod(MethodInvocationHelper.java:74)
	at org.testng.internal.Invoker.invokeMethod(Invoker.java:673)
	at org.testng.internal.Invoker.invokeTestMethod(Invoker.java:846)
	at org.testng.internal.Invoker.invokeTestMethods(Invoker.java:1170)
	at org.testng.internal.TestMethodWorker.invokeTestMethods(TestMethodWorker.java:125)
	at org.testng.internal.TestMethodWorker.run(TestMethodWorker.java:109)
	at org.testng.TestRunner.runWorkers(TestRunner.java:1147)
	at org.testng.TestRunner.privateRun(TestRunner.java:749)
	at org.testng.TestRunner.run(TestRunner.java:600)
	at org.testng.SuiteRunner.runTest(SuiteRunner.java:317)
	at org.testng.SuiteRunner.runSequentially(SuiteRunner.java:312)
	at org.testng.SuiteRunner.privateRun(SuiteRunner.java:274)
	at org.testng.SuiteRunner.run(SuiteRunner.java:223)
	at org.testng.SuiteRunnerWorker.runSuite(SuiteRunnerWorker.java:52)
	at org.testng.SuiteRunnerWorker.run(SuiteRunnerWorker.java:86)
	at org.testng.TestNG.runSuitesSequentially(TestNG.java:1039)
	at org.testng.TestNG.runSuitesLocally(TestNG.java:964)
	at org.testng.TestNG.run(TestNG.java:900)
	at org.testng.remote.RemoteTestNG.run(RemoteTestNG.java:110)
	at org.testng.remote.RemoteTestNG.initAndRun(RemoteTestNG.java:205)
	at org.testng.remote.RemoteTestNG.main(RemoteTestNG.java:174)
]]>
    </failure>
  </testcase>
  <testcase name="required_spec306_afterSubscriptionIsCancelledRequestMustBeNops" time="0.001" classname="com.aol.simple.react.reactivestreams.TckAsynchronousPublisherTest">
    <failure type="java.lang.NullPointerException">
      <![CDATA[java.lang.NullPointerException
	at java.util.concurrent.CompletableFuture.screenExecutor(CompletableFuture.java:415)
	at java.util.concurrent.CompletableFuture.runAsync(CompletableFuture.java:1850)
	at com.aol.simple.react.reactivestreams.FutureStreamAsyncPublisher$1.<init>(FutureStreamAsyncPublisher.java:66)
	at com.aol.simple.react.reactivestreams.FutureStreamAsyncPublisher.subscribe(FutureStreamAsyncPublisher.java:59)
	at com.aol.simple.react.stream.traits.LazyFutureStream.subscribe(LazyFutureStream.java:565)
	at org.reactivestreams.tck.TestEnvironment.subscribe(TestEnvironment.java:192)
	at org.reactivestreams.tck.TestEnvironment.subscribe(TestEnvironment.java:188)
	at org.reactivestreams.tck.PublisherVerification$19.run(PublisherVerification.java:821)
	at org.reactivestreams.tck.PublisherVerification.activePublisherTest(PublisherVerification.java:1092)
	at org.reactivestreams.tck.PublisherVerification.required_spec306_afterSubscriptionIsCancelledRequestMustBeNops(PublisherVerification.java:803)
	at sun.reflect.NativeMethodAccessorImpl.invoke0(Native Method)
	at sun.reflect.NativeMethodAccessorImpl.invoke(NativeMethodAccessorImpl.java:62)
	at sun.reflect.DelegatingMethodAccessorImpl.invoke(DelegatingMethodAccessorImpl.java:43)
	at java.lang.reflect.Method.invoke(Method.java:497)
	at org.testng.internal.MethodInvocationHelper.invokeMethod(MethodInvocationHelper.java:74)
	at org.testng.internal.Invoker.invokeMethod(Invoker.java:673)
	at org.testng.internal.Invoker.invokeTestMethod(Invoker.java:846)
	at org.testng.internal.Invoker.invokeTestMethods(Invoker.java:1170)
	at org.testng.internal.TestMethodWorker.invokeTestMethods(TestMethodWorker.java:125)
	at org.testng.internal.TestMethodWorker.run(TestMethodWorker.java:109)
	at org.testng.TestRunner.runWorkers(TestRunner.java:1147)
	at org.testng.TestRunner.privateRun(TestRunner.java:749)
	at org.testng.TestRunner.run(TestRunner.java:600)
	at org.testng.SuiteRunner.runTest(SuiteRunner.java:317)
	at org.testng.SuiteRunner.runSequentially(SuiteRunner.java:312)
	at org.testng.SuiteRunner.privateRun(SuiteRunner.java:274)
	at org.testng.SuiteRunner.run(SuiteRunner.java:223)
	at org.testng.SuiteRunnerWorker.runSuite(SuiteRunnerWorker.java:52)
	at org.testng.SuiteRunnerWorker.run(SuiteRunnerWorker.java:86)
	at org.testng.TestNG.runSuitesSequentially(TestNG.java:1039)
	at org.testng.TestNG.runSuitesLocally(TestNG.java:964)
	at org.testng.TestNG.run(TestNG.java:900)
	at org.testng.remote.RemoteTestNG.run(RemoteTestNG.java:110)
	at org.testng.remote.RemoteTestNG.initAndRun(RemoteTestNG.java:205)
	at org.testng.remote.RemoteTestNG.main(RemoteTestNG.java:174)
]]>
    </failure>
  </testcase>
  <testcase name="required_spec307_afterSubscriptionIsCancelledAdditionalCancelationsMustBeNops" time="0.001" classname="com.aol.simple.react.reactivestreams.TckAsynchronousPublisherTest">
    <failure type="java.lang.NullPointerException">
      <![CDATA[java.lang.NullPointerException
	at java.util.concurrent.CompletableFuture.screenExecutor(CompletableFuture.java:415)
	at java.util.concurrent.CompletableFuture.runAsync(CompletableFuture.java:1850)
	at com.aol.simple.react.reactivestreams.FutureStreamAsyncPublisher$1.<init>(FutureStreamAsyncPublisher.java:66)
	at com.aol.simple.react.reactivestreams.FutureStreamAsyncPublisher.subscribe(FutureStreamAsyncPublisher.java:59)
	at com.aol.simple.react.stream.traits.LazyFutureStream.subscribe(LazyFutureStream.java:565)
	at org.reactivestreams.tck.TestEnvironment.subscribe(TestEnvironment.java:192)
	at org.reactivestreams.tck.TestEnvironment.newManualSubscriber(TestEnvironment.java:209)
	at org.reactivestreams.tck.TestEnvironment.newManualSubscriber(TestEnvironment.java:204)
	at org.reactivestreams.tck.PublisherVerification$20.run(PublisherVerification.java:840)
	at org.reactivestreams.tck.PublisherVerification.activePublisherTest(PublisherVerification.java:1092)
	at org.reactivestreams.tck.PublisherVerification.required_spec307_afterSubscriptionIsCancelledAdditionalCancelationsMustBeNops(PublisherVerification.java:837)
	at sun.reflect.NativeMethodAccessorImpl.invoke0(Native Method)
	at sun.reflect.NativeMethodAccessorImpl.invoke(NativeMethodAccessorImpl.java:62)
	at sun.reflect.DelegatingMethodAccessorImpl.invoke(DelegatingMethodAccessorImpl.java:43)
	at java.lang.reflect.Method.invoke(Method.java:497)
	at org.testng.internal.MethodInvocationHelper.invokeMethod(MethodInvocationHelper.java:74)
	at org.testng.internal.Invoker.invokeMethod(Invoker.java:673)
	at org.testng.internal.Invoker.invokeTestMethod(Invoker.java:846)
	at org.testng.internal.Invoker.invokeTestMethods(Invoker.java:1170)
	at org.testng.internal.TestMethodWorker.invokeTestMethods(TestMethodWorker.java:125)
	at org.testng.internal.TestMethodWorker.run(TestMethodWorker.java:109)
	at org.testng.TestRunner.runWorkers(TestRunner.java:1147)
	at org.testng.TestRunner.privateRun(TestRunner.java:749)
	at org.testng.TestRunner.run(TestRunner.java:600)
	at org.testng.SuiteRunner.runTest(SuiteRunner.java:317)
	at org.testng.SuiteRunner.runSequentially(SuiteRunner.java:312)
	at org.testng.SuiteRunner.privateRun(SuiteRunner.java:274)
	at org.testng.SuiteRunner.run(SuiteRunner.java:223)
	at org.testng.SuiteRunnerWorker.runSuite(SuiteRunnerWorker.java:52)
	at org.testng.SuiteRunnerWorker.run(SuiteRunnerWorker.java:86)
	at org.testng.TestNG.runSuitesSequentially(TestNG.java:1039)
	at org.testng.TestNG.runSuitesLocally(TestNG.java:964)
	at org.testng.TestNG.run(TestNG.java:900)
	at org.testng.remote.RemoteTestNG.run(RemoteTestNG.java:110)
	at org.testng.remote.RemoteTestNG.initAndRun(RemoteTestNG.java:205)
	at org.testng.remote.RemoteTestNG.main(RemoteTestNG.java:174)
]]>
    </failure>
  </testcase>
  <testcase name="required_spec309_requestNegativeNumberMustSignalIllegalArgumentException" time="0.001" classname="com.aol.simple.react.reactivestreams.TckAsynchronousPublisherTest">
    <failure type="java.lang.NullPointerException">
      <![CDATA[java.lang.NullPointerException
	at java.util.concurrent.CompletableFuture.screenExecutor(CompletableFuture.java:415)
	at java.util.concurrent.CompletableFuture.runAsync(CompletableFuture.java:1850)
	at com.aol.simple.react.reactivestreams.FutureStreamAsyncPublisher$1.<init>(FutureStreamAsyncPublisher.java:66)
	at com.aol.simple.react.reactivestreams.FutureStreamAsyncPublisher.subscribe(FutureStreamAsyncPublisher.java:59)
	at com.aol.simple.react.stream.traits.LazyFutureStream.subscribe(LazyFutureStream.java:565)
	at org.reactivestreams.tck.TestEnvironment.subscribe(TestEnvironment.java:192)
	at org.reactivestreams.tck.TestEnvironment.newManualSubscriber(TestEnvironment.java:209)
	at org.reactivestreams.tck.TestEnvironment.newManualSubscriber(TestEnvironment.java:204)
	at org.reactivestreams.tck.PublisherVerification$22.run(PublisherVerification.java:873)
	at org.reactivestreams.tck.PublisherVerification.activePublisherTest(PublisherVerification.java:1092)
	at org.reactivestreams.tck.PublisherVerification.required_spec309_requestNegativeNumberMustSignalIllegalArgumentException(PublisherVerification.java:870)
	at sun.reflect.NativeMethodAccessorImpl.invoke0(Native Method)
	at sun.reflect.NativeMethodAccessorImpl.invoke(NativeMethodAccessorImpl.java:62)
	at sun.reflect.DelegatingMethodAccessorImpl.invoke(DelegatingMethodAccessorImpl.java:43)
	at java.lang.reflect.Method.invoke(Method.java:497)
	at org.testng.internal.MethodInvocationHelper.invokeMethod(MethodInvocationHelper.java:74)
	at org.testng.internal.Invoker.invokeMethod(Invoker.java:673)
	at org.testng.internal.Invoker.invokeTestMethod(Invoker.java:846)
	at org.testng.internal.Invoker.invokeTestMethods(Invoker.java:1170)
	at org.testng.internal.TestMethodWorker.invokeTestMethods(TestMethodWorker.java:125)
	at org.testng.internal.TestMethodWorker.run(TestMethodWorker.java:109)
	at org.testng.TestRunner.runWorkers(TestRunner.java:1147)
	at org.testng.TestRunner.privateRun(TestRunner.java:749)
	at org.testng.TestRunner.run(TestRunner.java:600)
	at org.testng.SuiteRunner.runTest(SuiteRunner.java:317)
	at org.testng.SuiteRunner.runSequentially(SuiteRunner.java:312)
	at org.testng.SuiteRunner.privateRun(SuiteRunner.java:274)
	at org.testng.SuiteRunner.run(SuiteRunner.java:223)
	at org.testng.SuiteRunnerWorker.runSuite(SuiteRunnerWorker.java:52)
	at org.testng.SuiteRunnerWorker.run(SuiteRunnerWorker.java:86)
	at org.testng.TestNG.runSuitesSequentially(TestNG.java:1039)
	at org.testng.TestNG.runSuitesLocally(TestNG.java:964)
	at org.testng.TestNG.run(TestNG.java:900)
	at org.testng.remote.RemoteTestNG.run(RemoteTestNG.java:110)
	at org.testng.remote.RemoteTestNG.initAndRun(RemoteTestNG.java:205)
	at org.testng.remote.RemoteTestNG.main(RemoteTestNG.java:174)
]]>
    </failure>
  </testcase>
  <testcase name="required_spec309_requestZeroMustSignalIllegalArgumentException" time="0.001" classname="com.aol.simple.react.reactivestreams.TckAsynchronousPublisherTest">
    <failure type="java.lang.NullPointerException">
      <![CDATA[java.lang.NullPointerException
	at java.util.concurrent.CompletableFuture.screenExecutor(CompletableFuture.java:415)
	at java.util.concurrent.CompletableFuture.runAsync(CompletableFuture.java:1850)
	at com.aol.simple.react.reactivestreams.FutureStreamAsyncPublisher$1.<init>(FutureStreamAsyncPublisher.java:66)
	at com.aol.simple.react.reactivestreams.FutureStreamAsyncPublisher.subscribe(FutureStreamAsyncPublisher.java:59)
	at com.aol.simple.react.stream.traits.LazyFutureStream.subscribe(LazyFutureStream.java:565)
	at org.reactivestreams.tck.TestEnvironment.subscribe(TestEnvironment.java:192)
	at org.reactivestreams.tck.TestEnvironment.newManualSubscriber(TestEnvironment.java:209)
	at org.reactivestreams.tck.TestEnvironment.newManualSubscriber(TestEnvironment.java:204)
	at org.reactivestreams.tck.PublisherVerification$21.run(PublisherVerification.java:860)
	at org.reactivestreams.tck.PublisherVerification.activePublisherTest(PublisherVerification.java:1092)
	at org.reactivestreams.tck.PublisherVerification.required_spec309_requestZeroMustSignalIllegalArgumentException(PublisherVerification.java:858)
	at sun.reflect.NativeMethodAccessorImpl.invoke0(Native Method)
	at sun.reflect.NativeMethodAccessorImpl.invoke(NativeMethodAccessorImpl.java:62)
	at sun.reflect.DelegatingMethodAccessorImpl.invoke(DelegatingMethodAccessorImpl.java:43)
	at java.lang.reflect.Method.invoke(Method.java:497)
	at org.testng.internal.MethodInvocationHelper.invokeMethod(MethodInvocationHelper.java:74)
	at org.testng.internal.Invoker.invokeMethod(Invoker.java:673)
	at org.testng.internal.Invoker.invokeTestMethod(Invoker.java:846)
	at org.testng.internal.Invoker.invokeTestMethods(Invoker.java:1170)
	at org.testng.internal.TestMethodWorker.invokeTestMethods(TestMethodWorker.java:125)
	at org.testng.internal.TestMethodWorker.run(TestMethodWorker.java:109)
	at org.testng.TestRunner.runWorkers(TestRunner.java:1147)
	at org.testng.TestRunner.privateRun(TestRunner.java:749)
	at org.testng.TestRunner.run(TestRunner.java:600)
	at org.testng.SuiteRunner.runTest(SuiteRunner.java:317)
	at org.testng.SuiteRunner.runSequentially(SuiteRunner.java:312)
	at org.testng.SuiteRunner.privateRun(SuiteRunner.java:274)
	at org.testng.SuiteRunner.run(SuiteRunner.java:223)
	at org.testng.SuiteRunnerWorker.runSuite(SuiteRunnerWorker.java:52)
	at org.testng.SuiteRunnerWorker.run(SuiteRunnerWorker.java:86)
	at org.testng.TestNG.runSuitesSequentially(TestNG.java:1039)
	at org.testng.TestNG.runSuitesLocally(TestNG.java:964)
	at org.testng.TestNG.run(TestNG.java:900)
	at org.testng.remote.RemoteTestNG.run(RemoteTestNG.java:110)
	at org.testng.remote.RemoteTestNG.initAndRun(RemoteTestNG.java:205)
	at org.testng.remote.RemoteTestNG.main(RemoteTestNG.java:174)
]]>
    </failure>
  </testcase>
  <testcase name="required_spec312_cancelMustMakeThePublisherToEventuallyStopSignaling" time="0.001" classname="com.aol.simple.react.reactivestreams.TckAsynchronousPublisherTest">
    <failure type="java.lang.NullPointerException">
      <![CDATA[java.lang.NullPointerException
	at java.util.concurrent.CompletableFuture.screenExecutor(CompletableFuture.java:415)
	at java.util.concurrent.CompletableFuture.runAsync(CompletableFuture.java:1850)
	at com.aol.simple.react.reactivestreams.FutureStreamAsyncPublisher$1.<init>(FutureStreamAsyncPublisher.java:66)
	at com.aol.simple.react.reactivestreams.FutureStreamAsyncPublisher.subscribe(FutureStreamAsyncPublisher.java:59)
	at com.aol.simple.react.stream.traits.LazyFutureStream.subscribe(LazyFutureStream.java:565)
	at org.reactivestreams.tck.TestEnvironment.subscribe(TestEnvironment.java:192)
	at org.reactivestreams.tck.TestEnvironment.newManualSubscriber(TestEnvironment.java:209)
	at org.reactivestreams.tck.TestEnvironment.newManualSubscriber(TestEnvironment.java:204)
	at org.reactivestreams.tck.PublisherVerification$23.run(PublisherVerification.java:894)
	at org.reactivestreams.tck.PublisherVerification.activePublisherTest(PublisherVerification.java:1092)
	at org.reactivestreams.tck.PublisherVerification.required_spec312_cancelMustMakeThePublisherToEventuallyStopSignaling(PublisherVerification.java:891)
	at sun.reflect.NativeMethodAccessorImpl.invoke0(Native Method)
	at sun.reflect.NativeMethodAccessorImpl.invoke(NativeMethodAccessorImpl.java:62)
	at sun.reflect.DelegatingMethodAccessorImpl.invoke(DelegatingMethodAccessorImpl.java:43)
	at java.lang.reflect.Method.invoke(Method.java:497)
	at org.testng.internal.MethodInvocationHelper.invokeMethod(MethodInvocationHelper.java:74)
	at org.testng.internal.Invoker.invokeMethod(Invoker.java:673)
	at org.testng.internal.Invoker.invokeTestMethod(Invoker.java:846)
	at org.testng.internal.Invoker.invokeTestMethods(Invoker.java:1170)
	at org.testng.internal.TestMethodWorker.invokeTestMethods(TestMethodWorker.java:125)
	at org.testng.internal.TestMethodWorker.run(TestMethodWorker.java:109)
	at org.testng.TestRunner.runWorkers(TestRunner.java:1147)
	at org.testng.TestRunner.privateRun(TestRunner.java:749)
	at org.testng.TestRunner.run(TestRunner.java:600)
	at org.testng.SuiteRunner.runTest(SuiteRunner.java:317)
	at org.testng.SuiteRunner.runSequentially(SuiteRunner.java:312)
	at org.testng.SuiteRunner.privateRun(SuiteRunner.java:274)
	at org.testng.SuiteRunner.run(SuiteRunner.java:223)
	at org.testng.SuiteRunnerWorker.runSuite(SuiteRunnerWorker.java:52)
	at org.testng.SuiteRunnerWorker.run(SuiteRunnerWorker.java:86)
	at org.testng.TestNG.runSuitesSequentially(TestNG.java:1039)
	at org.testng.TestNG.runSuitesLocally(TestNG.java:964)
	at org.testng.TestNG.run(TestNG.java:900)
	at org.testng.remote.RemoteTestNG.run(RemoteTestNG.java:110)
	at org.testng.remote.RemoteTestNG.initAndRun(RemoteTestNG.java:205)
	at org.testng.remote.RemoteTestNG.main(RemoteTestNG.java:174)
]]>
    </failure>
  </testcase>
  <testcase name="required_spec313_cancelMustMakeThePublisherEventuallyDropAllReferencesToTheSubscriber" time="0.002" classname="com.aol.simple.react.reactivestreams.TckAsynchronousPublisherTest">
    <failure type="java.lang.NullPointerException">
      <![CDATA[java.lang.NullPointerException
	at java.util.concurrent.CompletableFuture.screenExecutor(CompletableFuture.java:415)
	at java.util.concurrent.CompletableFuture.runAsync(CompletableFuture.java:1850)
	at com.aol.simple.react.reactivestreams.FutureStreamAsyncPublisher$1.<init>(FutureStreamAsyncPublisher.java:66)
	at com.aol.simple.react.reactivestreams.FutureStreamAsyncPublisher.subscribe(FutureStreamAsyncPublisher.java:59)
	at com.aol.simple.react.stream.traits.LazyFutureStream.subscribe(LazyFutureStream.java:565)
	at org.reactivestreams.tck.TestEnvironment.subscribe(TestEnvironment.java:192)
	at org.reactivestreams.tck.TestEnvironment.newManualSubscriber(TestEnvironment.java:209)
	at org.reactivestreams.tck.TestEnvironment.newManualSubscriber(TestEnvironment.java:204)
	at org.reactivestreams.tck.PublisherVerification$24.apply(PublisherVerification.java:952)
	at org.reactivestreams.tck.PublisherVerification$24.apply(PublisherVerification.java:949)
	at org.reactivestreams.tck.PublisherVerification$25.run(PublisherVerification.java:966)
	at org.reactivestreams.tck.PublisherVerification.activePublisherTest(PublisherVerification.java:1092)
	at org.reactivestreams.tck.PublisherVerification.required_spec313_cancelMustMakeThePublisherEventuallyDropAllReferencesToTheSubscriber(PublisherVerification.java:963)
	at sun.reflect.NativeMethodAccessorImpl.invoke0(Native Method)
	at sun.reflect.NativeMethodAccessorImpl.invoke(NativeMethodAccessorImpl.java:62)
	at sun.reflect.DelegatingMethodAccessorImpl.invoke(DelegatingMethodAccessorImpl.java:43)
	at java.lang.reflect.Method.invoke(Method.java:497)
	at org.testng.internal.MethodInvocationHelper.invokeMethod(MethodInvocationHelper.java:74)
	at org.testng.internal.Invoker.invokeMethod(Invoker.java:673)
	at org.testng.internal.Invoker.invokeTestMethod(Invoker.java:846)
	at org.testng.internal.Invoker.invokeTestMethods(Invoker.java:1170)
	at org.testng.internal.TestMethodWorker.invokeTestMethods(TestMethodWorker.java:125)
	at org.testng.internal.TestMethodWorker.run(TestMethodWorker.java:109)
	at org.testng.TestRunner.runWorkers(TestRunner.java:1147)
	at org.testng.TestRunner.privateRun(TestRunner.java:749)
	at org.testng.TestRunner.run(TestRunner.java:600)
	at org.testng.SuiteRunner.runTest(SuiteRunner.java:317)
	at org.testng.SuiteRunner.runSequentially(SuiteRunner.java:312)
	at org.testng.SuiteRunner.privateRun(SuiteRunner.java:274)
	at org.testng.SuiteRunner.run(SuiteRunner.java:223)
	at org.testng.SuiteRunnerWorker.runSuite(SuiteRunnerWorker.java:52)
	at org.testng.SuiteRunnerWorker.run(SuiteRunnerWorker.java:86)
	at org.testng.TestNG.runSuitesSequentially(TestNG.java:1039)
	at org.testng.TestNG.runSuitesLocally(TestNG.java:964)
	at org.testng.TestNG.run(TestNG.java:900)
	at org.testng.remote.RemoteTestNG.run(RemoteTestNG.java:110)
	at org.testng.remote.RemoteTestNG.initAndRun(RemoteTestNG.java:205)
	at org.testng.remote.RemoteTestNG.main(RemoteTestNG.java:174)
]]>
    </failure>
  </testcase>
  <testcase name="required_spec317_mustNotSignalOnErrorWhenPendingAboveLongMaxValue" time="0.001" classname="com.aol.simple.react.reactivestreams.TckAsynchronousPublisherTest">
    <failure type="java.lang.NullPointerException">
      <![CDATA[java.lang.NullPointerException
	at java.util.concurrent.CompletableFuture.screenExecutor(CompletableFuture.java:415)
	at java.util.concurrent.CompletableFuture.runAsync(CompletableFuture.java:1850)
	at com.aol.simple.react.reactivestreams.FutureStreamAsyncPublisher$1.<init>(FutureStreamAsyncPublisher.java:66)
	at com.aol.simple.react.reactivestreams.FutureStreamAsyncPublisher.subscribe(FutureStreamAsyncPublisher.java:59)
	at com.aol.simple.react.stream.traits.LazyFutureStream.subscribe(LazyFutureStream.java:565)
	at org.reactivestreams.tck.TestEnvironment.subscribe(TestEnvironment.java:192)
	at org.reactivestreams.tck.PublisherVerification$28.run(PublisherVerification.java:1052)
	at org.reactivestreams.tck.PublisherVerification.activePublisherTest(PublisherVerification.java:1092)
	at org.reactivestreams.tck.PublisherVerification.required_spec317_mustNotSignalOnErrorWhenPendingAboveLongMaxValue(PublisherVerification.java:1030)
	at sun.reflect.NativeMethodAccessorImpl.invoke0(Native Method)
	at sun.reflect.NativeMethodAccessorImpl.invoke(NativeMethodAccessorImpl.java:62)
	at sun.reflect.DelegatingMethodAccessorImpl.invoke(DelegatingMethodAccessorImpl.java:43)
	at java.lang.reflect.Method.invoke(Method.java:497)
	at org.testng.internal.MethodInvocationHelper.invokeMethod(MethodInvocationHelper.java:74)
	at org.testng.internal.Invoker.invokeMethod(Invoker.java:673)
	at org.testng.internal.Invoker.invokeTestMethod(Invoker.java:846)
	at org.testng.internal.Invoker.invokeTestMethods(Invoker.java:1170)
	at org.testng.internal.TestMethodWorker.invokeTestMethods(TestMethodWorker.java:125)
	at org.testng.internal.TestMethodWorker.run(TestMethodWorker.java:109)
	at org.testng.TestRunner.runWorkers(TestRunner.java:1147)
	at org.testng.TestRunner.privateRun(TestRunner.java:749)
	at org.testng.TestRunner.run(TestRunner.java:600)
	at org.testng.SuiteRunner.runTest(SuiteRunner.java:317)
	at org.testng.SuiteRunner.runSequentially(SuiteRunner.java:312)
	at org.testng.SuiteRunner.privateRun(SuiteRunner.java:274)
	at org.testng.SuiteRunner.run(SuiteRunner.java:223)
	at org.testng.SuiteRunnerWorker.runSuite(SuiteRunnerWorker.java:52)
	at org.testng.SuiteRunnerWorker.run(SuiteRunnerWorker.java:86)
	at org.testng.TestNG.runSuitesSequentially(TestNG.java:1039)
	at org.testng.TestNG.runSuitesLocally(TestNG.java:964)
	at org.testng.TestNG.run(TestNG.java:900)
	at org.testng.remote.RemoteTestNG.run(RemoteTestNG.java:110)
	at org.testng.remote.RemoteTestNG.initAndRun(RemoteTestNG.java:205)
	at org.testng.remote.RemoteTestNG.main(RemoteTestNG.java:174)
]]>
    </failure>
  </testcase>
  <testcase name="required_spec317_mustSupportACumulativePendingElementCountUpToLongMaxValue" time="0.001" classname="com.aol.simple.react.reactivestreams.TckAsynchronousPublisherTest">
    <failure type="java.lang.NullPointerException">
      <![CDATA[java.lang.NullPointerException
	at java.util.concurrent.CompletableFuture.screenExecutor(CompletableFuture.java:415)
	at java.util.concurrent.CompletableFuture.runAsync(CompletableFuture.java:1850)
	at com.aol.simple.react.reactivestreams.FutureStreamAsyncPublisher$1.<init>(FutureStreamAsyncPublisher.java:66)
	at com.aol.simple.react.reactivestreams.FutureStreamAsyncPublisher.subscribe(FutureStreamAsyncPublisher.java:59)
	at com.aol.simple.react.stream.traits.LazyFutureStream.subscribe(LazyFutureStream.java:565)
	at org.reactivestreams.tck.TestEnvironment.subscribe(TestEnvironment.java:192)
	at org.reactivestreams.tck.TestEnvironment.newManualSubscriber(TestEnvironment.java:209)
	at org.reactivestreams.tck.TestEnvironment.newManualSubscriber(TestEnvironment.java:204)
	at org.reactivestreams.tck.PublisherVerification$27.run(PublisherVerification.java:1009)
	at org.reactivestreams.tck.PublisherVerification.activePublisherTest(PublisherVerification.java:1092)
	at org.reactivestreams.tck.PublisherVerification.required_spec317_mustSupportACumulativePendingElementCountUpToLongMaxValue(PublisherVerification.java:1006)
	at sun.reflect.NativeMethodAccessorImpl.invoke0(Native Method)
	at sun.reflect.NativeMethodAccessorImpl.invoke(NativeMethodAccessorImpl.java:62)
	at sun.reflect.DelegatingMethodAccessorImpl.invoke(DelegatingMethodAccessorImpl.java:43)
	at java.lang.reflect.Method.invoke(Method.java:497)
	at org.testng.internal.MethodInvocationHelper.invokeMethod(MethodInvocationHelper.java:74)
	at org.testng.internal.Invoker.invokeMethod(Invoker.java:673)
	at org.testng.internal.Invoker.invokeTestMethod(Invoker.java:846)
	at org.testng.internal.Invoker.invokeTestMethods(Invoker.java:1170)
	at org.testng.internal.TestMethodWorker.invokeTestMethods(TestMethodWorker.java:125)
	at org.testng.internal.TestMethodWorker.run(TestMethodWorker.java:109)
	at org.testng.TestRunner.runWorkers(TestRunner.java:1147)
	at org.testng.TestRunner.privateRun(TestRunner.java:749)
	at org.testng.TestRunner.run(TestRunner.java:600)
	at org.testng.SuiteRunner.runTest(SuiteRunner.java:317)
	at org.testng.SuiteRunner.runSequentially(SuiteRunner.java:312)
	at org.testng.SuiteRunner.privateRun(SuiteRunner.java:274)
	at org.testng.SuiteRunner.run(SuiteRunner.java:223)
	at org.testng.SuiteRunnerWorker.runSuite(SuiteRunnerWorker.java:52)
	at org.testng.SuiteRunnerWorker.run(SuiteRunnerWorker.java:86)
	at org.testng.TestNG.runSuitesSequentially(TestNG.java:1039)
	at org.testng.TestNG.runSuitesLocally(TestNG.java:964)
	at org.testng.TestNG.run(TestNG.java:900)
	at org.testng.remote.RemoteTestNG.run(RemoteTestNG.java:110)
	at org.testng.remote.RemoteTestNG.initAndRun(RemoteTestNG.java:205)
	at org.testng.remote.RemoteTestNG.main(RemoteTestNG.java:174)
]]>
    </failure>
  </testcase>
  <testcase name="required_spec317_mustSupportAPendingElementCountUpToLongMaxValue" time="0.001" classname="com.aol.simple.react.reactivestreams.TckAsynchronousPublisherTest">
    <failure type="java.lang.NullPointerException">
      <![CDATA[java.lang.NullPointerException
	at java.util.concurrent.CompletableFuture.screenExecutor(CompletableFuture.java:415)
	at java.util.concurrent.CompletableFuture.runAsync(CompletableFuture.java:1850)
	at com.aol.simple.react.reactivestreams.FutureStreamAsyncPublisher$1.<init>(FutureStreamAsyncPublisher.java:66)
	at com.aol.simple.react.reactivestreams.FutureStreamAsyncPublisher.subscribe(FutureStreamAsyncPublisher.java:59)
	at com.aol.simple.react.stream.traits.LazyFutureStream.subscribe(LazyFutureStream.java:565)
	at org.reactivestreams.tck.TestEnvironment.subscribe(TestEnvironment.java:192)
	at org.reactivestreams.tck.TestEnvironment.newManualSubscriber(TestEnvironment.java:209)
	at org.reactivestreams.tck.TestEnvironment.newManualSubscriber(TestEnvironment.java:204)
	at org.reactivestreams.tck.PublisherVerification$26.run(PublisherVerification.java:990)
	at org.reactivestreams.tck.PublisherVerification.activePublisherTest(PublisherVerification.java:1092)
	at org.reactivestreams.tck.PublisherVerification.required_spec317_mustSupportAPendingElementCountUpToLongMaxValue(PublisherVerification.java:987)
	at sun.reflect.NativeMethodAccessorImpl.invoke0(Native Method)
	at sun.reflect.NativeMethodAccessorImpl.invoke(NativeMethodAccessorImpl.java:62)
	at sun.reflect.DelegatingMethodAccessorImpl.invoke(DelegatingMethodAccessorImpl.java:43)
	at java.lang.reflect.Method.invoke(Method.java:497)
	at org.testng.internal.MethodInvocationHelper.invokeMethod(MethodInvocationHelper.java:74)
	at org.testng.internal.Invoker.invokeMethod(Invoker.java:673)
	at org.testng.internal.Invoker.invokeTestMethod(Invoker.java:846)
	at org.testng.internal.Invoker.invokeTestMethods(Invoker.java:1170)
	at org.testng.internal.TestMethodWorker.invokeTestMethods(TestMethodWorker.java:125)
	at org.testng.internal.TestMethodWorker.run(TestMethodWorker.java:109)
	at org.testng.TestRunner.runWorkers(TestRunner.java:1147)
	at org.testng.TestRunner.privateRun(TestRunner.java:749)
	at org.testng.TestRunner.run(TestRunner.java:600)
	at org.testng.SuiteRunner.runTest(SuiteRunner.java:317)
	at org.testng.SuiteRunner.runSequentially(SuiteRunner.java:312)
	at org.testng.SuiteRunner.privateRun(SuiteRunner.java:274)
	at org.testng.SuiteRunner.run(SuiteRunner.java:223)
	at org.testng.SuiteRunnerWorker.runSuite(SuiteRunnerWorker.java:52)
	at org.testng.SuiteRunnerWorker.run(SuiteRunnerWorker.java:86)
	at org.testng.TestNG.runSuitesSequentially(TestNG.java:1039)
	at org.testng.TestNG.runSuitesLocally(TestNG.java:964)
	at org.testng.TestNG.run(TestNG.java:900)
	at org.testng.remote.RemoteTestNG.run(RemoteTestNG.java:110)
	at org.testng.remote.RemoteTestNG.initAndRun(RemoteTestNG.java:205)
	at org.testng.remote.RemoteTestNG.main(RemoteTestNG.java:174)
]]>
    </failure>
  </testcase>
  <testcase name="required_validate_boundedDepthOfOnNextAndRequestRecursion" time="0.0" classname="com.aol.simple.react.reactivestreams.TckAsynchronousPublisherTest"/>
  <testcase name="required_validate_maxElementsFromPublisher" time="0.0" classname="com.aol.simple.react.reactivestreams.TckAsynchronousPublisherTest"/>
  <testcase name="stochastic_spec103_mustSignalOnMethodsSequentially" time="0.003" classname="com.aol.simple.react.reactivestreams.TckAsynchronousPublisherTest">
    <failure type="java.lang.NullPointerException">
      <![CDATA[java.lang.NullPointerException
	at java.util.concurrent.CompletableFuture.screenExecutor(CompletableFuture.java:415)
	at java.util.concurrent.CompletableFuture.runAsync(CompletableFuture.java:1850)
	at com.aol.simple.react.reactivestreams.FutureStreamAsyncPublisher$1.<init>(FutureStreamAsyncPublisher.java:66)
	at com.aol.simple.react.reactivestreams.FutureStreamAsyncPublisher.subscribe(FutureStreamAsyncPublisher.java:59)
	at com.aol.simple.react.stream.traits.LazyFutureStream.subscribe(LazyFutureStream.java:565)
	at org.reactivestreams.tck.PublisherVerification$5$1.run(PublisherVerification.java:249)
	at org.reactivestreams.tck.PublisherVerification.activePublisherTest(PublisherVerification.java:1092)
	at org.reactivestreams.tck.PublisherVerification$5.apply(PublisherVerification.java:244)
	at org.reactivestreams.tck.PublisherVerification$5.apply(PublisherVerification.java:241)
	at org.reactivestreams.tck.PublisherVerification.stochasticTest(PublisherVerification.java:1161)
	at org.reactivestreams.tck.PublisherVerification.stochastic_spec103_mustSignalOnMethodsSequentially(PublisherVerification.java:241)
	at sun.reflect.NativeMethodAccessorImpl.invoke0(Native Method)
	at sun.reflect.NativeMethodAccessorImpl.invoke(NativeMethodAccessorImpl.java:62)
	at sun.reflect.DelegatingMethodAccessorImpl.invoke(DelegatingMethodAccessorImpl.java:43)
	at java.lang.reflect.Method.invoke(Method.java:497)
	at org.testng.internal.MethodInvocationHelper.invokeMethod(MethodInvocationHelper.java:74)
	at org.testng.internal.Invoker.invokeMethod(Invoker.java:673)
	at org.testng.internal.Invoker.invokeTestMethod(Invoker.java:846)
	at org.testng.internal.Invoker.invokeTestMethods(Invoker.java:1170)
	at org.testng.internal.TestMethodWorker.invokeTestMethods(TestMethodWorker.java:125)
	at org.testng.internal.TestMethodWorker.run(TestMethodWorker.java:109)
	at org.testng.TestRunner.runWorkers(TestRunner.java:1147)
	at org.testng.TestRunner.privateRun(TestRunner.java:749)
	at org.testng.TestRunner.run(TestRunner.java:600)
	at org.testng.SuiteRunner.runTest(SuiteRunner.java:317)
	at org.testng.SuiteRunner.runSequentially(SuiteRunner.java:312)
	at org.testng.SuiteRunner.privateRun(SuiteRunner.java:274)
	at org.testng.SuiteRunner.run(SuiteRunner.java:223)
	at org.testng.SuiteRunnerWorker.runSuite(SuiteRunnerWorker.java:52)
	at org.testng.SuiteRunnerWorker.run(SuiteRunnerWorker.java:86)
	at org.testng.TestNG.runSuitesSequentially(TestNG.java:1039)
	at org.testng.TestNG.runSuitesLocally(TestNG.java:964)
	at org.testng.TestNG.run(TestNG.java:900)
	at org.testng.remote.RemoteTestNG.run(RemoteTestNG.java:110)
	at org.testng.remote.RemoteTestNG.initAndRun(RemoteTestNG.java:205)
	at org.testng.remote.RemoteTestNG.main(RemoteTestNG.java:174)
]]>
    </failure>
  </testcase>
  <testcase name="untested_spec106_mustConsiderSubscriptionCancelledAfterOnErrorOrOnCompleteHasBeenCalled" time="0.001" classname="com.aol.simple.react.reactivestreams.TckAsynchronousPublisherTest">
    <skipped/>
  </testcase>
  <testcase name="untested_spec107_mustNotEmitFurtherSignalsOnceOnErrorHasBeenSignalled" time="0.0" classname="com.aol.simple.react.reactivestreams.TckAsynchronousPublisherTest">
    <skipped/>
  </testcase>
  <testcase name="untested_spec108_possiblyCanceledSubscriptionShouldNotReceiveOnErrorOrOnCompleteSignals" time="0.0" classname="com.aol.simple.react.reactivestreams.TckAsynchronousPublisherTest">
    <skipped/>
  </testcase>
  <testcase name="untested_spec109_subscribeShouldNotThrowNonFatalThrowable" time="0.001" classname="com.aol.simple.react.reactivestreams.TckAsynchronousPublisherTest">
    <skipped/>
  </testcase>
  <testcase name="untested_spec110_rejectASubscriptionRequestIfTheSameSubscriberSubscribesTwice" time="0.0" classname="com.aol.simple.react.reactivestreams.TckAsynchronousPublisherTest">
    <skipped/>
  </testcase>
  <testcase name="untested_spec304_requestShouldNotPerformHeavyComputations" time="0.001" classname="com.aol.simple.react.reactivestreams.TckAsynchronousPublisherTest">
    <skipped/>
  </testcase>
  <testcase name="untested_spec305_cancelMustNotSynchronouslyPerformHeavyCompuatation" time="0.001" classname="com.aol.simple.react.reactivestreams.TckAsynchronousPublisherTest">
    <skipped/>
  </testcase>
</testsuite>
