<?xml version="1.0" encoding="UTF-8"?>
<testng-results>
  <reporter-output>
  </reporter-output>
  <suite name="Default suite" duration-ms="4899" started-at="2015-06-19T17:01:07Z" finished-at="2015-06-19T17:01:11Z">
    <groups>
    </groups>
    <test name="Default test" duration-ms="4899" started-at="2015-06-19T17:01:07Z" finished-at="2015-06-19T17:01:11Z">
      <class name="com.aol.simple.react.reactivestreams.TckSynchronousPublisherTest">
        <test-method status="PASS" signature="setUp()" name="setUp" is-config="true" duration-ms="4" started-at="2015-06-19T17:01:07Z" finished-at="2015-06-19T17:01:07Z">
        </test-method>
        <test-method status="SKIP" signature="optional_spec104_mustSignalOnErrorWhenFails()" name="optional_spec104_mustSignalOnErrorWhenFails" duration-ms="14" started-at="2015-06-19T17:01:07Z" finished-at="2015-06-19T17:01:07Z">
          <exception class="org.testng.SkipException">
            <message>
              <![CDATA[Skipping because no error state Publisher provided, and the test requires it. Please implement PublisherVerification#createFailedPublisher to run this test.]]>
            </message>
            <full-stacktrace>
              <![CDATA[org.testng.SkipException: Skipping because no error state Publisher provided, and the test requires it. Please implement PublisherVerification#createFailedPublisher to run this test.
	at org.reactivestreams.tck.PublisherVerification.potentiallyPendingTest(PublisherVerification.java:1147)
	at org.reactivestreams.tck.PublisherVerification.whenHasErrorPublisherTest(PublisherVerification.java:1136)
	at org.reactivestreams.tck.PublisherVerification.optional_spec104_mustSignalOnErrorWhenFails(PublisherVerification.java:346)
	at sun.reflect.NativeMethodAccessorImpl.invoke0(Native Method)
	at sun.reflect.NativeMethodAccessorImpl.invoke(NativeMethodAccessorImpl.java:62)
	at sun.reflect.DelegatingMethodAccessorImpl.invoke(DelegatingMethodAccessorImpl.java:43)
	at java.lang.reflect.Method.invoke(Method.java:497)
	at org.testng.internal.MethodInvocationHelper.invokeMethod(MethodInvocationHelper.java:74)
	at org.testng.internal.Invoker.invokeMethod(Invoker.java:673)
	at org.testng.internal.Invoker.invokeTestMethod(Invoker.java:846)
	at org.testng.internal.Invoker.invokeTestMethods(Invoker.java:1170)
	at org.testng.internal.TestMethodWorker.invokeTestMethods(TestMethodWorker.java:125)
	at org.testng.internal.TestMethodWorker.run(TestMethodWorker.java:109)
	at org.testng.TestRunner.runWorkers(TestRunner.java:1147)
	at org.testng.TestRunner.privateRun(TestRunner.java:749)
	at org.testng.TestRunner.run(TestRunner.java:600)
	at org.testng.SuiteRunner.runTest(SuiteRunner.java:317)
	at org.testng.SuiteRunner.runSequentially(SuiteRunner.java:312)
	at org.testng.SuiteRunner.privateRun(SuiteRunner.java:274)
	at org.testng.SuiteRunner.run(SuiteRunner.java:223)
	at org.testng.SuiteRunnerWorker.runSuite(SuiteRunnerWorker.java:52)
	at org.testng.SuiteRunnerWorker.run(SuiteRunnerWorker.java:86)
	at org.testng.TestNG.runSuitesSequentially(TestNG.java:1039)
	at org.testng.TestNG.runSuitesLocally(TestNG.java:964)
	at org.testng.TestNG.run(TestNG.java:900)
	at org.testng.remote.RemoteTestNG.run(RemoteTestNG.java:110)
	at org.testng.remote.RemoteTestNG.initAndRun(RemoteTestNG.java:205)
	at org.testng.remote.RemoteTestNG.main(RemoteTestNG.java:174)
]]>
            </full-stacktrace>
          </exception>
        </test-method>
        <test-method status="PASS" signature="setUp()" name="setUp" is-config="true" duration-ms="1" started-at="2015-06-19T17:01:07Z" finished-at="2015-06-19T17:01:07Z">
        </test-method>
        <test-method status="PASS" signature="optional_spec105_emptyStreamMustTerminateBySignallingOnComplete()" name="optional_spec105_emptyStreamMustTerminateBySignallingOnComplete" duration-ms="397" started-at="2015-06-19T17:01:07Z" finished-at="2015-06-19T17:01:07Z">
        </test-method>
        <test-method status="SKIP" signature="optional_spec111_maySupportMultiSubscribe()" name="optional_spec111_maySupportMultiSubscribe" duration-ms="3" started-at="2015-06-19T17:01:07Z" finished-at="2015-06-19T17:01:07Z">
          <exception class="org.testng.SkipException">
            <message>
              <![CDATA[Skipped because tested publisher does NOT implement this OPTIONAL requirement.]]>
            </message>
            <full-stacktrace>
              <![CDATA[org.testng.SkipException: Skipped because tested publisher does NOT implement this OPTIONAL requirement.
	at org.reactivestreams.tck.PublisherVerification.notVerified(PublisherVerification.java:1180)
	at org.reactivestreams.tck.PublisherVerification.optionalActivePublisherTest(PublisherVerification.java:1119)
	at org.reactivestreams.tck.PublisherVerification.optional_spec111_maySupportMultiSubscribe(PublisherVerification.java:543)
	at sun.reflect.NativeMethodAccessorImpl.invoke0(Native Method)
	at sun.reflect.NativeMethodAccessorImpl.invoke(NativeMethodAccessorImpl.java:62)
	at sun.reflect.DelegatingMethodAccessorImpl.invoke(DelegatingMethodAccessorImpl.java:43)
	at java.lang.reflect.Method.invoke(Method.java:497)
	at org.testng.internal.MethodInvocationHelper.invokeMethod(MethodInvocationHelper.java:74)
	at org.testng.internal.Invoker.invokeMethod(Invoker.java:673)
	at org.testng.internal.Invoker.invokeTestMethod(Invoker.java:846)
	at org.testng.internal.Invoker.invokeTestMethods(Invoker.java:1170)
	at org.testng.internal.TestMethodWorker.invokeTestMethods(TestMethodWorker.java:125)
	at org.testng.internal.TestMethodWorker.run(TestMethodWorker.java:109)
	at org.testng.TestRunner.runWorkers(TestRunner.java:1147)
	at org.testng.TestRunner.privateRun(TestRunner.java:749)
	at org.testng.TestRunner.run(TestRunner.java:600)
	at org.testng.SuiteRunner.runTest(SuiteRunner.java:317)
	at org.testng.SuiteRunner.runSequentially(SuiteRunner.java:312)
	at org.testng.SuiteRunner.privateRun(SuiteRunner.java:274)
	at org.testng.SuiteRunner.run(SuiteRunner.java:223)
	at org.testng.SuiteRunnerWorker.runSuite(SuiteRunnerWorker.java:52)
	at org.testng.SuiteRunnerWorker.run(SuiteRunnerWorker.java:86)
	at org.testng.TestNG.runSuitesSequentially(TestNG.java:1039)
	at org.testng.TestNG.runSuitesLocally(TestNG.java:964)
	at org.testng.TestNG.run(TestNG.java:900)
	at org.testng.remote.RemoteTestNG.run(RemoteTestNG.java:110)
	at org.testng.remote.RemoteTestNG.initAndRun(RemoteTestNG.java:205)
	at org.testng.remote.RemoteTestNG.main(RemoteTestNG.java:174)
]]>
            </full-stacktrace>
          </exception>
        </test-method>
        <test-method status="PASS" signature="setUp()" name="setUp" is-config="true" duration-ms="0" started-at="2015-06-19T17:01:07Z" finished-at="2015-06-19T17:01:07Z">
        </test-method>
        <test-method status="PASS" signature="setUp()" name="setUp" is-config="true" duration-ms="1" started-at="2015-06-19T17:01:07Z" finished-at="2015-06-19T17:01:07Z">
        </test-method>
        <test-method status="SKIP" signature="optional_spec111_multicast_mustProduceTheSameElementsInTheSameSequenceToAllOfItsSubscribersWhenRequestingManyUpfront()" name="optional_spec111_multicast_mustProduceTheSameElementsInTheSameSequenceToAllOfItsSubscribersWhenRequestingManyUpfront" duration-ms="2" started-at="2015-06-19T17:01:07Z" finished-at="2015-06-19T17:01:07Z">
          <exception class="org.testng.SkipException">
            <message>
              <![CDATA[Skipped because tested publisher does NOT implement this OPTIONAL requirement.]]>
            </message>
            <full-stacktrace>
              <![CDATA[org.testng.SkipException: Skipped because tested publisher does NOT implement this OPTIONAL requirement.
	at org.reactivestreams.tck.PublisherVerification.notVerified(PublisherVerification.java:1180)
	at org.reactivestreams.tck.PublisherVerification.optionalActivePublisherTest(PublisherVerification.java:1119)
	at org.reactivestreams.tck.PublisherVerification.optional_spec111_multicast_mustProduceTheSameElementsInTheSameSequenceToAllOfItsSubscribersWhenRequestingManyUpfront(PublisherVerification.java:608)
	at sun.reflect.NativeMethodAccessorImpl.invoke0(Native Method)
	at sun.reflect.NativeMethodAccessorImpl.invoke(NativeMethodAccessorImpl.java:62)
	at sun.reflect.DelegatingMethodAccessorImpl.invoke(DelegatingMethodAccessorImpl.java:43)
	at java.lang.reflect.Method.invoke(Method.java:497)
	at org.testng.internal.MethodInvocationHelper.invokeMethod(MethodInvocationHelper.java:74)
	at org.testng.internal.Invoker.invokeMethod(Invoker.java:673)
	at org.testng.internal.Invoker.invokeTestMethod(Invoker.java:846)
	at org.testng.internal.Invoker.invokeTestMethods(Invoker.java:1170)
	at org.testng.internal.TestMethodWorker.invokeTestMethods(TestMethodWorker.java:125)
	at org.testng.internal.TestMethodWorker.run(TestMethodWorker.java:109)
	at org.testng.TestRunner.runWorkers(TestRunner.java:1147)
	at org.testng.TestRunner.privateRun(TestRunner.java:749)
	at org.testng.TestRunner.run(TestRunner.java:600)
	at org.testng.SuiteRunner.runTest(SuiteRunner.java:317)
	at org.testng.SuiteRunner.runSequentially(SuiteRunner.java:312)
	at org.testng.SuiteRunner.privateRun(SuiteRunner.java:274)
	at org.testng.SuiteRunner.run(SuiteRunner.java:223)
	at org.testng.SuiteRunnerWorker.runSuite(SuiteRunnerWorker.java:52)
	at org.testng.SuiteRunnerWorker.run(SuiteRunnerWorker.java:86)
	at org.testng.TestNG.runSuitesSequentially(TestNG.java:1039)
	at org.testng.TestNG.runSuitesLocally(TestNG.java:964)
	at org.testng.TestNG.run(TestNG.java:900)
	at org.testng.remote.RemoteTestNG.run(RemoteTestNG.java:110)
	at org.testng.remote.RemoteTestNG.initAndRun(RemoteTestNG.java:205)
	at org.testng.remote.RemoteTestNG.main(RemoteTestNG.java:174)
]]>
            </full-stacktrace>
          </exception>
        </test-method>
        <test-method status="PASS" signature="setUp()" name="setUp" is-config="true" duration-ms="0" started-at="2015-06-19T17:01:07Z" finished-at="2015-06-19T17:01:07Z">
        </test-method>
        <test-method status="SKIP" signature="optional_spec111_multicast_mustProduceTheSameElementsInTheSameSequenceToAllOfItsSubscribersWhenRequestingManyUpfrontAndCompleteAsExpected()" name="optional_spec111_multicast_mustProduceTheSameElementsInTheSameSequenceToAllOfItsSubscribersWhenRequestingManyUpfrontAndCompleteAsExpected" duration-ms="2" started-at="2015-06-19T17:01:07Z" finished-at="2015-06-19T17:01:07Z">
          <exception class="org.testng.SkipException">
            <message>
              <![CDATA[Skipped because tested publisher does NOT implement this OPTIONAL requirement.]]>
            </message>
            <full-stacktrace>
              <![CDATA[org.testng.SkipException: Skipped because tested publisher does NOT implement this OPTIONAL requirement.
	at org.reactivestreams.tck.PublisherVerification.notVerified(PublisherVerification.java:1180)
	at org.reactivestreams.tck.PublisherVerification.optionalActivePublisherTest(PublisherVerification.java:1119)
	at org.reactivestreams.tck.PublisherVerification.optional_spec111_multicast_mustProduceTheSameElementsInTheSameSequenceToAllOfItsSubscribersWhenRequestingManyUpfrontAndCompleteAsExpected(PublisherVerification.java:641)
	at sun.reflect.NativeMethodAccessorImpl.invoke0(Native Method)
	at sun.reflect.NativeMethodAccessorImpl.invoke(NativeMethodAccessorImpl.java:62)
	at sun.reflect.DelegatingMethodAccessorImpl.invoke(DelegatingMethodAccessorImpl.java:43)
	at java.lang.reflect.Method.invoke(Method.java:497)
	at org.testng.internal.MethodInvocationHelper.invokeMethod(MethodInvocationHelper.java:74)
	at org.testng.internal.Invoker.invokeMethod(Invoker.java:673)
	at org.testng.internal.Invoker.invokeTestMethod(Invoker.java:846)
	at org.testng.internal.Invoker.invokeTestMethods(Invoker.java:1170)
	at org.testng.internal.TestMethodWorker.invokeTestMethods(TestMethodWorker.java:125)
	at org.testng.internal.TestMethodWorker.run(TestMethodWorker.java:109)
	at org.testng.TestRunner.runWorkers(TestRunner.java:1147)
	at org.testng.TestRunner.privateRun(TestRunner.java:749)
	at org.testng.TestRunner.run(TestRunner.java:600)
	at org.testng.SuiteRunner.runTest(SuiteRunner.java:317)
	at org.testng.SuiteRunner.runSequentially(SuiteRunner.java:312)
	at org.testng.SuiteRunner.privateRun(SuiteRunner.java:274)
	at org.testng.SuiteRunner.run(SuiteRunner.java:223)
	at org.testng.SuiteRunnerWorker.runSuite(SuiteRunnerWorker.java:52)
	at org.testng.SuiteRunnerWorker.run(SuiteRunnerWorker.java:86)
	at org.testng.TestNG.runSuitesSequentially(TestNG.java:1039)
	at org.testng.TestNG.runSuitesLocally(TestNG.java:964)
	at org.testng.TestNG.run(TestNG.java:900)
	at org.testng.remote.RemoteTestNG.run(RemoteTestNG.java:110)
	at org.testng.remote.RemoteTestNG.initAndRun(RemoteTestNG.java:205)
	at org.testng.remote.RemoteTestNG.main(RemoteTestNG.java:174)
]]>
            </full-stacktrace>
          </exception>
        </test-method>
        <test-method status="PASS" signature="setUp()" name="setUp" is-config="true" duration-ms="0" started-at="2015-06-19T17:01:07Z" finished-at="2015-06-19T17:01:07Z">
        </test-method>
        <test-method status="SKIP" signature="optional_spec111_multicast_mustProduceTheSameElementsInTheSameSequenceToAllOfItsSubscribersWhenRequestingOneByOne()" name="optional_spec111_multicast_mustProduceTheSameElementsInTheSameSequenceToAllOfItsSubscribersWhenRequestingOneByOne" duration-ms="2" started-at="2015-06-19T17:01:07Z" finished-at="2015-06-19T17:01:07Z">
          <exception class="org.testng.SkipException">
            <message>
              <![CDATA[Skipped because tested publisher does NOT implement this OPTIONAL requirement.]]>
            </message>
            <full-stacktrace>
              <![CDATA[org.testng.SkipException: Skipped because tested publisher does NOT implement this OPTIONAL requirement.
	at org.reactivestreams.tck.PublisherVerification.notVerified(PublisherVerification.java:1180)
	at org.reactivestreams.tck.PublisherVerification.optionalActivePublisherTest(PublisherVerification.java:1119)
	at org.reactivestreams.tck.PublisherVerification.optional_spec111_multicast_mustProduceTheSameElementsInTheSameSequenceToAllOfItsSubscribersWhenRequestingOneByOne(PublisherVerification.java:557)
	at sun.reflect.NativeMethodAccessorImpl.invoke0(Native Method)
	at sun.reflect.NativeMethodAccessorImpl.invoke(NativeMethodAccessorImpl.java:62)
	at sun.reflect.DelegatingMethodAccessorImpl.invoke(DelegatingMethodAccessorImpl.java:43)
	at java.lang.reflect.Method.invoke(Method.java:497)
	at org.testng.internal.MethodInvocationHelper.invokeMethod(MethodInvocationHelper.java:74)
	at org.testng.internal.Invoker.invokeMethod(Invoker.java:673)
	at org.testng.internal.Invoker.invokeTestMethod(Invoker.java:846)
	at org.testng.internal.Invoker.invokeTestMethods(Invoker.java:1170)
	at org.testng.internal.TestMethodWorker.invokeTestMethods(TestMethodWorker.java:125)
	at org.testng.internal.TestMethodWorker.run(TestMethodWorker.java:109)
	at org.testng.TestRunner.runWorkers(TestRunner.java:1147)
	at org.testng.TestRunner.privateRun(TestRunner.java:749)
	at org.testng.TestRunner.run(TestRunner.java:600)
	at org.testng.SuiteRunner.runTest(SuiteRunner.java:317)
	at org.testng.SuiteRunner.runSequentially(SuiteRunner.java:312)
	at org.testng.SuiteRunner.privateRun(SuiteRunner.java:274)
	at org.testng.SuiteRunner.run(SuiteRunner.java:223)
	at org.testng.SuiteRunnerWorker.runSuite(SuiteRunnerWorker.java:52)
	at org.testng.SuiteRunnerWorker.run(SuiteRunnerWorker.java:86)
	at org.testng.TestNG.runSuitesSequentially(TestNG.java:1039)
	at org.testng.TestNG.runSuitesLocally(TestNG.java:964)
	at org.testng.TestNG.run(TestNG.java:900)
	at org.testng.remote.RemoteTestNG.run(RemoteTestNG.java:110)
	at org.testng.remote.RemoteTestNG.initAndRun(RemoteTestNG.java:205)
	at org.testng.remote.RemoteTestNG.main(RemoteTestNG.java:174)
]]>
            </full-stacktrace>
          </exception>
        </test-method>
        <test-method status="PASS" signature="required_createPublisher1MustProduceAStreamOfExactly1Element()" name="required_createPublisher1MustProduceAStreamOfExactly1Element" duration-ms="11" started-at="2015-06-19T17:01:07Z" finished-at="2015-06-19T17:01:07Z">
        </test-method>
        <test-method status="PASS" signature="setUp()" name="setUp" is-config="true" duration-ms="0" started-at="2015-06-19T17:01:07Z" finished-at="2015-06-19T17:01:07Z">
        </test-method>
        <test-method status="PASS" signature="required_createPublisher3MustProduceAStreamOfExactly3Elements()" name="required_createPublisher3MustProduceAStreamOfExactly3Elements" duration-ms="3" started-at="2015-06-19T17:01:07Z" finished-at="2015-06-19T17:01:07Z">
        </test-method>
        <test-method status="PASS" signature="setUp()" name="setUp" is-config="true" duration-ms="0" started-at="2015-06-19T17:01:07Z" finished-at="2015-06-19T17:01:07Z">
        </test-method>
        <test-method status="PASS" signature="setUp()" name="setUp" is-config="true" duration-ms="0" started-at="2015-06-19T17:01:07Z" finished-at="2015-06-19T17:01:07Z">
        </test-method>
        <test-method status="PASS" signature="required_spec101_subscriptionRequestMustResultInTheCorrectNumberOfProducedElements()" name="required_spec101_subscriptionRequestMustResultInTheCorrectNumberOfProducedElements" duration-ms="914" started-at="2015-06-19T17:01:07Z" finished-at="2015-06-19T17:01:08Z">
        </test-method>
        <test-method status="PASS" signature="required_spec102_maySignalLessThanRequestedAndTerminateSubscription()" name="required_spec102_maySignalLessThanRequestedAndTerminateSubscription" duration-ms="2" started-at="2015-06-19T17:01:08Z" finished-at="2015-06-19T17:01:08Z">
        </test-method>
        <test-method status="PASS" signature="setUp()" name="setUp" is-config="true" duration-ms="0" started-at="2015-06-19T17:01:08Z" finished-at="2015-06-19T17:01:08Z">
        </test-method>
        <test-method status="PASS" signature="setUp()" name="setUp" is-config="true" duration-ms="0" started-at="2015-06-19T17:01:08Z" finished-at="2015-06-19T17:01:08Z">
        </test-method>
        <test-method status="PASS" signature="required_spec105_mustSignalOnCompleteWhenFiniteStreamTerminates()" name="required_spec105_mustSignalOnCompleteWhenFiniteStreamTerminates" duration-ms="305" started-at="2015-06-19T17:01:08Z" finished-at="2015-06-19T17:01:08Z">
        </test-method>
        <test-method status="PASS" signature="setUp()" name="setUp" is-config="true" duration-ms="0" started-at="2015-06-19T17:01:08Z" finished-at="2015-06-19T17:01:08Z">
        </test-method>
        <test-method status="PASS" signature="required_spec107_mustNotEmitFurtherSignalsOnceOnCompleteHasBeenSignalled()" name="required_spec107_mustNotEmitFurtherSignalsOnceOnCompleteHasBeenSignalled" duration-ms="305" started-at="2015-06-19T17:01:08Z" finished-at="2015-06-19T17:01:09Z">
        </test-method>
        <test-method status="SKIP" signature="required_spec109_mayRejectCallsToSubscribeIfPublisherIsUnableOrUnwillingToServeThemRejectionMustTriggerOnErrorAfterOnSubscribe()" name="required_spec109_mayRejectCallsToSubscribeIfPublisherIsUnableOrUnwillingToServeThemRejectionMustTriggerOnErrorAfterOnSubscribe" duration-ms="1" started-at="2015-06-19T17:01:09Z" finished-at="2015-06-19T17:01:09Z">
          <exception class="org.testng.SkipException">
            <message>
              <![CDATA[Skipping because no error state Publisher provided, and the test requires it. Please implement PublisherVerification#createFailedPublisher to run this test.]]>
            </message>
            <full-stacktrace>
              <![CDATA[org.testng.SkipException: Skipping because no error state Publisher provided, and the test requires it. Please implement PublisherVerification#createFailedPublisher to run this test.
	at org.reactivestreams.tck.PublisherVerification.potentiallyPendingTest(PublisherVerification.java:1147)
	at org.reactivestreams.tck.PublisherVerification.whenHasErrorPublisherTest(PublisherVerification.java:1136)
	at org.reactivestreams.tck.PublisherVerification.required_spec109_mayRejectCallsToSubscribeIfPublisherIsUnableOrUnwillingToServeThemRejectionMustTriggerOnErrorAfterOnSubscribe(PublisherVerification.java:506)
	at sun.reflect.NativeMethodAccessorImpl.invoke0(Native Method)
	at sun.reflect.NativeMethodAccessorImpl.invoke(NativeMethodAccessorImpl.java:62)
	at sun.reflect.DelegatingMethodAccessorImpl.invoke(DelegatingMethodAccessorImpl.java:43)
	at java.lang.reflect.Method.invoke(Method.java:497)
	at org.testng.internal.MethodInvocationHelper.invokeMethod(MethodInvocationHelper.java:74)
	at org.testng.internal.Invoker.invokeMethod(Invoker.java:673)
	at org.testng.internal.Invoker.invokeTestMethod(Invoker.java:846)
	at org.testng.internal.Invoker.invokeTestMethods(Invoker.java:1170)
	at org.testng.internal.TestMethodWorker.invokeTestMethods(TestMethodWorker.java:125)
	at org.testng.internal.TestMethodWorker.run(TestMethodWorker.java:109)
	at org.testng.TestRunner.runWorkers(TestRunner.java:1147)
	at org.testng.TestRunner.privateRun(TestRunner.java:749)
	at org.testng.TestRunner.run(TestRunner.java:600)
	at org.testng.SuiteRunner.runTest(SuiteRunner.java:317)
	at org.testng.SuiteRunner.runSequentially(SuiteRunner.java:312)
	at org.testng.SuiteRunner.privateRun(SuiteRunner.java:274)
	at org.testng.SuiteRunner.run(SuiteRunner.java:223)
	at org.testng.SuiteRunnerWorker.runSuite(SuiteRunnerWorker.java:52)
	at org.testng.SuiteRunnerWorker.run(SuiteRunnerWorker.java:86)
	at org.testng.TestNG.runSuitesSequentially(TestNG.java:1039)
	at org.testng.TestNG.runSuitesLocally(TestNG.java:964)
	at org.testng.TestNG.run(TestNG.java:900)
	at org.testng.remote.RemoteTestNG.run(RemoteTestNG.java:110)
	at org.testng.remote.RemoteTestNG.initAndRun(RemoteTestNG.java:205)
	at org.testng.remote.RemoteTestNG.main(RemoteTestNG.java:174)
]]>
            </full-stacktrace>
          </exception>
        </test-method>
        <test-method status="PASS" signature="setUp()" name="setUp" is-config="true" duration-ms="0" started-at="2015-06-19T17:01:09Z" finished-at="2015-06-19T17:01:09Z">
        </test-method>
        <test-method status="PASS" signature="setUp()" name="setUp" is-config="true" duration-ms="1" started-at="2015-06-19T17:01:09Z" finished-at="2015-06-19T17:01:09Z">
        </test-method>
        <test-method status="PASS" signature="required_spec109_mustIssueOnSubscribeForNonNullSubscriber()" name="required_spec109_mustIssueOnSubscribeForNonNullSubscriber" duration-ms="1" started-at="2015-06-19T17:01:09Z" finished-at="2015-06-19T17:01:09Z">
        </test-method>
        <test-method status="PASS" signature="required_spec109_subscribeThrowNPEOnNullSubscriber()" name="required_spec109_subscribeThrowNPEOnNullSubscriber" duration-ms="2" started-at="2015-06-19T17:01:09Z" finished-at="2015-06-19T17:01:09Z">
        </test-method>
        <test-method status="PASS" signature="setUp()" name="setUp" is-config="true" duration-ms="0" started-at="2015-06-19T17:01:09Z" finished-at="2015-06-19T17:01:09Z">
        </test-method>
        <test-method status="PASS" signature="setUp()" name="setUp" is-config="true" duration-ms="0" started-at="2015-06-19T17:01:09Z" finished-at="2015-06-19T17:01:09Z">
        </test-method>
        <test-method status="PASS" signature="required_spec302_mustAllowSynchronousRequestCallsFromOnNextAndOnSubscribe()" name="required_spec302_mustAllowSynchronousRequestCallsFromOnNextAndOnSubscribe" duration-ms="304" started-at="2015-06-19T17:01:09Z" finished-at="2015-06-19T17:01:09Z">
        </test-method>
        <test-method status="PASS" signature="setUp()" name="setUp" is-config="true" duration-ms="0" started-at="2015-06-19T17:01:09Z" finished-at="2015-06-19T17:01:09Z">
        </test-method>
        <test-method status="PASS" signature="required_spec303_mustNotAllowUnboundedRecursion()" name="required_spec303_mustNotAllowUnboundedRecursion" duration-ms="13" started-at="2015-06-19T17:01:09Z" finished-at="2015-06-19T17:01:09Z">
        </test-method>
        <test-method status="PASS" signature="required_spec306_afterSubscriptionIsCancelledRequestMustBeNops()" name="required_spec306_afterSubscriptionIsCancelledRequestMustBeNops" duration-ms="305" started-at="2015-06-19T17:01:09Z" finished-at="2015-06-19T17:01:09Z">
        </test-method>
        <test-method status="PASS" signature="setUp()" name="setUp" is-config="true" duration-ms="0" started-at="2015-06-19T17:01:09Z" finished-at="2015-06-19T17:01:09Z">
        </test-method>
        <test-method status="PASS" signature="required_spec307_afterSubscriptionIsCancelledAdditionalCancelationsMustBeNops()" name="required_spec307_afterSubscriptionIsCancelledAdditionalCancelationsMustBeNops" duration-ms="304" started-at="2015-06-19T17:01:09Z" finished-at="2015-06-19T17:01:09Z">
        </test-method>
        <test-method status="PASS" signature="setUp()" name="setUp" is-config="true" duration-ms="0" started-at="2015-06-19T17:01:09Z" finished-at="2015-06-19T17:01:09Z">
        </test-method>
        <test-method status="PASS" signature="required_spec309_requestNegativeNumberMustSignalIllegalArgumentException()" name="required_spec309_requestNegativeNumberMustSignalIllegalArgumentException" duration-ms="306" started-at="2015-06-19T17:01:09Z" finished-at="2015-06-19T17:01:10Z">
        </test-method>
        <test-method status="PASS" signature="setUp()" name="setUp" is-config="true" duration-ms="0" started-at="2015-06-19T17:01:09Z" finished-at="2015-06-19T17:01:09Z">
        </test-method>
        <test-method status="PASS" signature="setUp()" name="setUp" is-config="true" duration-ms="0" started-at="2015-06-19T17:01:10Z" finished-at="2015-06-19T17:01:10Z">
        </test-method>
        <test-method status="PASS" signature="required_spec309_requestZeroMustSignalIllegalArgumentException()" name="required_spec309_requestZeroMustSignalIllegalArgumentException" duration-ms="307" started-at="2015-06-19T17:01:10Z" finished-at="2015-06-19T17:01:10Z">
        </test-method>
        <test-method status="PASS" signature="setUp()" name="setUp" is-config="true" duration-ms="0" started-at="2015-06-19T17:01:10Z" finished-at="2015-06-19T17:01:10Z">
        </test-method>
        <test-method status="PASS" signature="required_spec312_cancelMustMakeThePublisherToEventuallyStopSignaling()" name="required_spec312_cancelMustMakeThePublisherToEventuallyStopSignaling" duration-ms="608" started-at="2015-06-19T17:01:10Z" finished-at="2015-06-19T17:01:11Z">
        </test-method>
        <test-method status="PASS" signature="required_spec313_cancelMustMakeThePublisherEventuallyDropAllReferencesToTheSubscriber()" name="required_spec313_cancelMustMakeThePublisherEventuallyDropAllReferencesToTheSubscriber" duration-ms="322" started-at="2015-06-19T17:01:11Z" finished-at="2015-06-19T17:01:11Z">
        </test-method>
        <test-method status="PASS" signature="setUp()" name="setUp" is-config="true" duration-ms="0" started-at="2015-06-19T17:01:11Z" finished-at="2015-06-19T17:01:11Z">
        </test-method>
        <test-method status="PASS" signature="required_spec317_mustNotSignalOnErrorWhenPendingAboveLongMaxValue()" name="required_spec317_mustNotSignalOnErrorWhenPendingAboveLongMaxValue" duration-ms="307" started-at="2015-06-19T17:01:11Z" finished-at="2015-06-19T17:01:11Z">
        </test-method>
        <test-method status="PASS" signature="setUp()" name="setUp" is-config="true" duration-ms="0" started-at="2015-06-19T17:01:11Z" finished-at="2015-06-19T17:01:11Z">
        </test-method>
        <test-method status="PASS" signature="required_spec317_mustSupportACumulativePendingElementCountUpToLongMaxValue()" name="required_spec317_mustSupportACumulativePendingElementCountUpToLongMaxValue" duration-ms="2" started-at="2015-06-19T17:01:11Z" finished-at="2015-06-19T17:01:11Z">
        </test-method>
        <test-method status="PASS" signature="setUp()" name="setUp" is-config="true" duration-ms="0" started-at="2015-06-19T17:01:11Z" finished-at="2015-06-19T17:01:11Z">
        </test-method>
        <test-method status="PASS" signature="setUp()" name="setUp" is-config="true" duration-ms="0" started-at="2015-06-19T17:01:11Z" finished-at="2015-06-19T17:01:11Z">
        </test-method>
        <test-method status="PASS" signature="required_spec317_mustSupportAPendingElementCountUpToLongMaxValue()" name="required_spec317_mustSupportAPendingElementCountUpToLongMaxValue" duration-ms="2" started-at="2015-06-19T17:01:11Z" finished-at="2015-06-19T17:01:11Z">
        </test-method>
        <test-method status="PASS" signature="required_validate_boundedDepthOfOnNextAndRequestRecursion()" name="required_validate_boundedDepthOfOnNextAndRequestRecursion" duration-ms="0" started-at="2015-06-19T17:01:11Z" finished-at="2015-06-19T17:01:11Z">
        </test-method>
        <test-method status="PASS" signature="setUp()" name="setUp" is-config="true" duration-ms="0" started-at="2015-06-19T17:01:11Z" finished-at="2015-06-19T17:01:11Z">
        </test-method>
        <test-method status="PASS" signature="required_validate_maxElementsFromPublisher()" name="required_validate_maxElementsFromPublisher" duration-ms="0" started-at="2015-06-19T17:01:11Z" finished-at="2015-06-19T17:01:11Z">
        </test-method>
        <test-method status="PASS" signature="setUp()" name="setUp" is-config="true" duration-ms="0" started-at="2015-06-19T17:01:11Z" finished-at="2015-06-19T17:01:11Z">
        </test-method>
        <test-method status="PASS" signature="stochastic_spec103_mustSignalOnMethodsSequentially()" name="stochastic_spec103_mustSignalOnMethodsSequentially" duration-ms="85" started-at="2015-06-19T17:01:11Z" finished-at="2015-06-19T17:01:11Z">
        </test-method>
        <test-method status="PASS" signature="setUp()" name="setUp" is-config="true" duration-ms="0" started-at="2015-06-19T17:01:11Z" finished-at="2015-06-19T17:01:11Z">
        </test-method>
        <test-method status="SKIP" signature="untested_spec106_mustConsiderSubscriptionCancelledAfterOnErrorOrOnCompleteHasBeenCalled()" name="untested_spec106_mustConsiderSubscriptionCancelledAfterOnErrorOrOnCompleteHasBeenCalled" duration-ms="0" started-at="2015-06-19T17:01:11Z" finished-at="2015-06-19T17:01:11Z">
          <exception class="org.testng.SkipException">
            <message>
              <![CDATA[Not verified by this TCK.]]>
            </message>
            <full-stacktrace>
              <![CDATA[org.testng.SkipException: Not verified by this TCK.
	at org.reactivestreams.tck.PublisherVerification.notVerified(PublisherVerification.java:1166)
	at org.reactivestreams.tck.PublisherVerification.untested_spec106_mustConsiderSubscriptionCancelledAfterOnErrorOrOnCompleteHasBeenCalled(PublisherVerification.java:413)
	at sun.reflect.NativeMethodAccessorImpl.invoke0(Native Method)
	at sun.reflect.NativeMethodAccessorImpl.invoke(NativeMethodAccessorImpl.java:62)
	at sun.reflect.DelegatingMethodAccessorImpl.invoke(DelegatingMethodAccessorImpl.java:43)
	at java.lang.reflect.Method.invoke(Method.java:497)
	at org.testng.internal.MethodInvocationHelper.invokeMethod(MethodInvocationHelper.java:74)
	at org.testng.internal.Invoker.invokeMethod(Invoker.java:673)
	at org.testng.internal.Invoker.invokeTestMethod(Invoker.java:846)
	at org.testng.internal.Invoker.invokeTestMethods(Invoker.java:1170)
	at org.testng.internal.TestMethodWorker.invokeTestMethods(TestMethodWorker.java:125)
	at org.testng.internal.TestMethodWorker.run(TestMethodWorker.java:109)
	at org.testng.TestRunner.runWorkers(TestRunner.java:1147)
	at org.testng.TestRunner.privateRun(TestRunner.java:749)
	at org.testng.TestRunner.run(TestRunner.java:600)
	at org.testng.SuiteRunner.runTest(SuiteRunner.java:317)
	at org.testng.SuiteRunner.runSequentially(SuiteRunner.java:312)
	at org.testng.SuiteRunner.privateRun(SuiteRunner.java:274)
	at org.testng.SuiteRunner.run(SuiteRunner.java:223)
	at org.testng.SuiteRunnerWorker.runSuite(SuiteRunnerWorker.java:52)
	at org.testng.SuiteRunnerWorker.run(SuiteRunnerWorker.java:86)
	at org.testng.TestNG.runSuitesSequentially(TestNG.java:1039)
	at org.testng.TestNG.runSuitesLocally(TestNG.java:964)
	at org.testng.TestNG.run(TestNG.java:900)
	at org.testng.remote.RemoteTestNG.run(RemoteTestNG.java:110)
	at org.testng.remote.RemoteTestNG.initAndRun(RemoteTestNG.java:205)
	at org.testng.remote.RemoteTestNG.main(RemoteTestNG.java:174)
]]>
            </full-stacktrace>
          </exception>
        </test-method>
        <test-method status="PASS" signature="setUp()" name="setUp" is-config="true" duration-ms="0" started-at="2015-06-19T17:01:11Z" finished-at="2015-06-19T17:01:11Z">
        </test-method>
        <test-method status="SKIP" signature="untested_spec107_mustNotEmitFurtherSignalsOnceOnErrorHasBeenSignalled()" name="untested_spec107_mustNotEmitFurtherSignalsOnceOnErrorHasBeenSignalled" duration-ms="0" started-at="2015-06-19T17:01:11Z" finished-at="2015-06-19T17:01:11Z">
          <exception class="org.testng.SkipException">
            <message>
              <![CDATA[Not verified by this TCK.]]>
            </message>
            <full-stacktrace>
              <![CDATA[org.testng.SkipException: Not verified by this TCK.
	at org.reactivestreams.tck.PublisherVerification.notVerified(PublisherVerification.java:1166)
	at org.reactivestreams.tck.PublisherVerification.untested_spec107_mustNotEmitFurtherSignalsOnceOnErrorHasBeenSignalled(PublisherVerification.java:436)
	at sun.reflect.NativeMethodAccessorImpl.invoke0(Native Method)
	at sun.reflect.NativeMethodAccessorImpl.invoke(NativeMethodAccessorImpl.java:62)
	at sun.reflect.DelegatingMethodAccessorImpl.invoke(DelegatingMethodAccessorImpl.java:43)
	at java.lang.reflect.Method.invoke(Method.java:497)
	at org.testng.internal.MethodInvocationHelper.invokeMethod(MethodInvocationHelper.java:74)
	at org.testng.internal.Invoker.invokeMethod(Invoker.java:673)
	at org.testng.internal.Invoker.invokeTestMethod(Invoker.java:846)
	at org.testng.internal.Invoker.invokeTestMethods(Invoker.java:1170)
	at org.testng.internal.TestMethodWorker.invokeTestMethods(TestMethodWorker.java:125)
	at org.testng.internal.TestMethodWorker.run(TestMethodWorker.java:109)
	at org.testng.TestRunner.runWorkers(TestRunner.java:1147)
	at org.testng.TestRunner.privateRun(TestRunner.java:749)
	at org.testng.TestRunner.run(TestRunner.java:600)
	at org.testng.SuiteRunner.runTest(SuiteRunner.java:317)
	at org.testng.SuiteRunner.runSequentially(SuiteRunner.java:312)
	at org.testng.SuiteRunner.privateRun(SuiteRunner.java:274)
	at org.testng.SuiteRunner.run(SuiteRunner.java:223)
	at org.testng.SuiteRunnerWorker.runSuite(SuiteRunnerWorker.java:52)
	at org.testng.SuiteRunnerWorker.run(SuiteRunnerWorker.java:86)
	at org.testng.TestNG.runSuitesSequentially(TestNG.java:1039)
	at org.testng.TestNG.runSuitesLocally(TestNG.java:964)
	at org.testng.TestNG.run(TestNG.java:900)
	at org.testng.remote.RemoteTestNG.run(RemoteTestNG.java:110)
	at org.testng.remote.RemoteTestNG.initAndRun(RemoteTestNG.java:205)
	at org.testng.remote.RemoteTestNG.main(RemoteTestNG.java:174)
]]>
            </full-stacktrace>
          </exception>
        </test-method>
        <test-method status="PASS" signature="setUp()" name="setUp" is-config="true" duration-ms="0" started-at="2015-06-19T17:01:11Z" finished-at="2015-06-19T17:01:11Z">
        </test-method>
        <test-method status="PASS" signature="setUp()" name="setUp" is-config="true" duration-ms="0" started-at="2015-06-19T17:01:11Z" finished-at="2015-06-19T17:01:11Z">
        </test-method>
        <test-method status="SKIP" signature="untested_spec108_possiblyCanceledSubscriptionShouldNotReceiveOnErrorOrOnCompleteSignals()" name="untested_spec108_possiblyCanceledSubscriptionShouldNotReceiveOnErrorOrOnCompleteSignals" duration-ms="1" started-at="2015-06-19T17:01:11Z" finished-at="2015-06-19T17:01:11Z">
          <exception class="org.testng.SkipException">
            <message>
              <![CDATA[Not verified by this TCK.]]>
            </message>
            <full-stacktrace>
              <![CDATA[org.testng.SkipException: Not verified by this TCK.
	at org.reactivestreams.tck.PublisherVerification.notVerified(PublisherVerification.java:1166)
	at org.reactivestreams.tck.PublisherVerification.untested_spec108_possiblyCanceledSubscriptionShouldNotReceiveOnErrorOrOnCompleteSignals(PublisherVerification.java:442)
	at sun.reflect.NativeMethodAccessorImpl.invoke0(Native Method)
	at sun.reflect.NativeMethodAccessorImpl.invoke(NativeMethodAccessorImpl.java:62)
	at sun.reflect.DelegatingMethodAccessorImpl.invoke(DelegatingMethodAccessorImpl.java:43)
	at java.lang.reflect.Method.invoke(Method.java:497)
	at org.testng.internal.MethodInvocationHelper.invokeMethod(MethodInvocationHelper.java:74)
	at org.testng.internal.Invoker.invokeMethod(Invoker.java:673)
	at org.testng.internal.Invoker.invokeTestMethod(Invoker.java:846)
	at org.testng.internal.Invoker.invokeTestMethods(Invoker.java:1170)
	at org.testng.internal.TestMethodWorker.invokeTestMethods(TestMethodWorker.java:125)
	at org.testng.internal.TestMethodWorker.run(TestMethodWorker.java:109)
	at org.testng.TestRunner.runWorkers(TestRunner.java:1147)
	at org.testng.TestRunner.privateRun(TestRunner.java:749)
	at org.testng.TestRunner.run(TestRunner.java:600)
	at org.testng.SuiteRunner.runTest(SuiteRunner.java:317)
	at org.testng.SuiteRunner.runSequentially(SuiteRunner.java:312)
	at org.testng.SuiteRunner.privateRun(SuiteRunner.java:274)
	at org.testng.SuiteRunner.run(SuiteRunner.java:223)
	at org.testng.SuiteRunnerWorker.runSuite(SuiteRunnerWorker.java:52)
	at org.testng.SuiteRunnerWorker.run(SuiteRunnerWorker.java:86)
	at org.testng.TestNG.runSuitesSequentially(TestNG.java:1039)
	at org.testng.TestNG.runSuitesLocally(TestNG.java:964)
	at org.testng.TestNG.run(TestNG.java:900)
	at org.testng.remote.RemoteTestNG.run(RemoteTestNG.java:110)
	at org.testng.remote.RemoteTestNG.initAndRun(RemoteTestNG.java:205)
	at org.testng.remote.RemoteTestNG.main(RemoteTestNG.java:174)
]]>
            </full-stacktrace>
          </exception>
        </test-method>
        <test-method status="SKIP" signature="untested_spec109_subscribeShouldNotThrowNonFatalThrowable()" name="untested_spec109_subscribeShouldNotThrowNonFatalThrowable" duration-ms="0" started-at="2015-06-19T17:01:11Z" finished-at="2015-06-19T17:01:11Z">
          <exception class="org.testng.SkipException">
            <message>
              <![CDATA[Not verified by this TCK.]]>
            </message>
            <full-stacktrace>
              <![CDATA[org.testng.SkipException: Not verified by this TCK.
	at org.reactivestreams.tck.PublisherVerification.notVerified(PublisherVerification.java:1166)
	at org.reactivestreams.tck.PublisherVerification.untested_spec109_subscribeShouldNotThrowNonFatalThrowable(PublisherVerification.java:448)
	at sun.reflect.NativeMethodAccessorImpl.invoke0(Native Method)
	at sun.reflect.NativeMethodAccessorImpl.invoke(NativeMethodAccessorImpl.java:62)
	at sun.reflect.DelegatingMethodAccessorImpl.invoke(DelegatingMethodAccessorImpl.java:43)
	at java.lang.reflect.Method.invoke(Method.java:497)
	at org.testng.internal.MethodInvocationHelper.invokeMethod(MethodInvocationHelper.java:74)
	at org.testng.internal.Invoker.invokeMethod(Invoker.java:673)
	at org.testng.internal.Invoker.invokeTestMethod(Invoker.java:846)
	at org.testng.internal.Invoker.invokeTestMethods(Invoker.java:1170)
	at org.testng.internal.TestMethodWorker.invokeTestMethods(TestMethodWorker.java:125)
	at org.testng.internal.TestMethodWorker.run(TestMethodWorker.java:109)
	at org.testng.TestRunner.runWorkers(TestRunner.java:1147)
	at org.testng.TestRunner.privateRun(TestRunner.java:749)
	at org.testng.TestRunner.run(TestRunner.java:600)
	at org.testng.SuiteRunner.runTest(SuiteRunner.java:317)
	at org.testng.SuiteRunner.runSequentially(SuiteRunner.java:312)
	at org.testng.SuiteRunner.privateRun(SuiteRunner.java:274)
	at org.testng.SuiteRunner.run(SuiteRunner.java:223)
	at org.testng.SuiteRunnerWorker.runSuite(SuiteRunnerWorker.java:52)
	at org.testng.SuiteRunnerWorker.run(SuiteRunnerWorker.java:86)
	at org.testng.TestNG.runSuitesSequentially(TestNG.java:1039)
	at org.testng.TestNG.runSuitesLocally(TestNG.java:964)
	at org.testng.TestNG.run(TestNG.java:900)
	at org.testng.remote.RemoteTestNG.run(RemoteTestNG.java:110)
	at org.testng.remote.RemoteTestNG.initAndRun(RemoteTestNG.java:205)
	at org.testng.remote.RemoteTestNG.main(RemoteTestNG.java:174)
]]>
            </full-stacktrace>
          </exception>
        </test-method>
        <test-method status="PASS" signature="setUp()" name="setUp" is-config="true" duration-ms="0" started-at="2015-06-19T17:01:11Z" finished-at="2015-06-19T17:01:11Z">
        </test-method>
        <test-method status="PASS" signature="setUp()" name="setUp" is-config="true" duration-ms="0" started-at="2015-06-19T17:01:11Z" finished-at="2015-06-19T17:01:11Z">
        </test-method>
        <test-method status="SKIP" signature="untested_spec110_rejectASubscriptionRequestIfTheSameSubscriberSubscribesTwice()" name="untested_spec110_rejectASubscriptionRequestIfTheSameSubscriberSubscribesTwice" duration-ms="0" started-at="2015-06-19T17:01:11Z" finished-at="2015-06-19T17:01:11Z">
          <exception class="org.testng.SkipException">
            <message>
              <![CDATA[Not verified by this TCK.]]>
            </message>
            <full-stacktrace>
              <![CDATA[org.testng.SkipException: Not verified by this TCK.
	at org.reactivestreams.tck.PublisherVerification.notVerified(PublisherVerification.java:1166)
	at org.reactivestreams.tck.PublisherVerification.untested_spec110_rejectASubscriptionRequestIfTheSameSubscriberSubscribesTwice(PublisherVerification.java:537)
	at sun.reflect.NativeMethodAccessorImpl.invoke0(Native Method)
	at sun.reflect.NativeMethodAccessorImpl.invoke(NativeMethodAccessorImpl.java:62)
	at sun.reflect.DelegatingMethodAccessorImpl.invoke(DelegatingMethodAccessorImpl.java:43)
	at java.lang.reflect.Method.invoke(Method.java:497)
	at org.testng.internal.MethodInvocationHelper.invokeMethod(MethodInvocationHelper.java:74)
	at org.testng.internal.Invoker.invokeMethod(Invoker.java:673)
	at org.testng.internal.Invoker.invokeTestMethod(Invoker.java:846)
	at org.testng.internal.Invoker.invokeTestMethods(Invoker.java:1170)
	at org.testng.internal.TestMethodWorker.invokeTestMethods(TestMethodWorker.java:125)
	at org.testng.internal.TestMethodWorker.run(TestMethodWorker.java:109)
	at org.testng.TestRunner.runWorkers(TestRunner.java:1147)
	at org.testng.TestRunner.privateRun(TestRunner.java:749)
	at org.testng.TestRunner.run(TestRunner.java:600)
	at org.testng.SuiteRunner.runTest(SuiteRunner.java:317)
	at org.testng.SuiteRunner.runSequentially(SuiteRunner.java:312)
	at org.testng.SuiteRunner.privateRun(SuiteRunner.java:274)
	at org.testng.SuiteRunner.run(SuiteRunner.java:223)
	at org.testng.SuiteRunnerWorker.runSuite(SuiteRunnerWorker.java:52)
	at org.testng.SuiteRunnerWorker.run(SuiteRunnerWorker.java:86)
	at org.testng.TestNG.runSuitesSequentially(TestNG.java:1039)
	at org.testng.TestNG.runSuitesLocally(TestNG.java:964)
	at org.testng.TestNG.run(TestNG.java:900)
	at org.testng.remote.RemoteTestNG.run(RemoteTestNG.java:110)
	at org.testng.remote.RemoteTestNG.initAndRun(RemoteTestNG.java:205)
	at org.testng.remote.RemoteTestNG.main(RemoteTestNG.java:174)
]]>
            </full-stacktrace>
          </exception>
        </test-method>
        <test-method status="SKIP" signature="untested_spec304_requestShouldNotPerformHeavyComputations()" name="untested_spec304_requestShouldNotPerformHeavyComputations" duration-ms="0" started-at="2015-06-19T17:01:11Z" finished-at="2015-06-19T17:01:11Z">
          <exception class="org.testng.SkipException">
            <message>
              <![CDATA[Not verified by this TCK.]]>
            </message>
            <full-stacktrace>
              <![CDATA[org.testng.SkipException: Not verified by this TCK.
	at org.reactivestreams.tck.PublisherVerification.notVerified(PublisherVerification.java:1166)
	at org.reactivestreams.tck.PublisherVerification.untested_spec304_requestShouldNotPerformHeavyComputations(PublisherVerification.java:791)
	at sun.reflect.NativeMethodAccessorImpl.invoke0(Native Method)
	at sun.reflect.NativeMethodAccessorImpl.invoke(NativeMethodAccessorImpl.java:62)
	at sun.reflect.DelegatingMethodAccessorImpl.invoke(DelegatingMethodAccessorImpl.java:43)
	at java.lang.reflect.Method.invoke(Method.java:497)
	at org.testng.internal.MethodInvocationHelper.invokeMethod(MethodInvocationHelper.java:74)
	at org.testng.internal.Invoker.invokeMethod(Invoker.java:673)
	at org.testng.internal.Invoker.invokeTestMethod(Invoker.java:846)
	at org.testng.internal.Invoker.invokeTestMethods(Invoker.java:1170)
	at org.testng.internal.TestMethodWorker.invokeTestMethods(TestMethodWorker.java:125)
	at org.testng.internal.TestMethodWorker.run(TestMethodWorker.java:109)
	at org.testng.TestRunner.runWorkers(TestRunner.java:1147)
	at org.testng.TestRunner.privateRun(TestRunner.java:749)
	at org.testng.TestRunner.run(TestRunner.java:600)
	at org.testng.SuiteRunner.runTest(SuiteRunner.java:317)
	at org.testng.SuiteRunner.runSequentially(SuiteRunner.java:312)
	at org.testng.SuiteRunner.privateRun(SuiteRunner.java:274)
	at org.testng.SuiteRunner.run(SuiteRunner.java:223)
	at org.testng.SuiteRunnerWorker.runSuite(SuiteRunnerWorker.java:52)
	at org.testng.SuiteRunnerWorker.run(SuiteRunnerWorker.java:86)
	at org.testng.TestNG.runSuitesSequentially(TestNG.java:1039)
	at org.testng.TestNG.runSuitesLocally(TestNG.java:964)
	at org.testng.TestNG.run(TestNG.java:900)
	at org.testng.remote.RemoteTestNG.run(RemoteTestNG.java:110)
	at org.testng.remote.RemoteTestNG.initAndRun(RemoteTestNG.java:205)
	at org.testng.remote.RemoteTestNG.main(RemoteTestNG.java:174)
]]>
            </full-stacktrace>
          </exception>
        </test-method>
        <test-method status="PASS" signature="setUp()" name="setUp" is-config="true" duration-ms="0" started-at="2015-06-19T17:01:11Z" finished-at="2015-06-19T17:01:11Z">
        </test-method>
        <test-method status="PASS" signature="setUp()" name="setUp" is-config="true" duration-ms="0" started-at="2015-06-19T17:01:11Z" finished-at="2015-06-19T17:01:11Z">
        </test-method>
        <test-method status="SKIP" signature="untested_spec305_cancelMustNotSynchronouslyPerformHeavyCompuatation()" name="untested_spec305_cancelMustNotSynchronouslyPerformHeavyCompuatation" duration-ms="0" started-at="2015-06-19T17:01:11Z" finished-at="2015-06-19T17:01:11Z">
          <exception class="org.testng.SkipException">
            <message>
              <![CDATA[Not verified by this TCK.]]>
            </message>
            <full-stacktrace>
              <![CDATA[org.testng.SkipException: Not verified by this TCK.
	at org.reactivestreams.tck.PublisherVerification.notVerified(PublisherVerification.java:1166)
	at org.reactivestreams.tck.PublisherVerification.untested_spec305_cancelMustNotSynchronouslyPerformHeavyCompuatation(PublisherVerification.java:797)
	at sun.reflect.NativeMethodAccessorImpl.invoke0(Native Method)
	at sun.reflect.NativeMethodAccessorImpl.invoke(NativeMethodAccessorImpl.java:62)
	at sun.reflect.DelegatingMethodAccessorImpl.invoke(DelegatingMethodAccessorImpl.java:43)
	at java.lang.reflect.Method.invoke(Method.java:497)
	at org.testng.internal.MethodInvocationHelper.invokeMethod(MethodInvocationHelper.java:74)
	at org.testng.internal.Invoker.invokeMethod(Invoker.java:673)
	at org.testng.internal.Invoker.invokeTestMethod(Invoker.java:846)
	at org.testng.internal.Invoker.invokeTestMethods(Invoker.java:1170)
	at org.testng.internal.TestMethodWorker.invokeTestMethods(TestMethodWorker.java:125)
	at org.testng.internal.TestMethodWorker.run(TestMethodWorker.java:109)
	at org.testng.TestRunner.runWorkers(TestRunner.java:1147)
	at org.testng.TestRunner.privateRun(TestRunner.java:749)
	at org.testng.TestRunner.run(TestRunner.java:600)
	at org.testng.SuiteRunner.runTest(SuiteRunner.java:317)
	at org.testng.SuiteRunner.runSequentially(SuiteRunner.java:312)
	at org.testng.SuiteRunner.privateRun(SuiteRunner.java:274)
	at org.testng.SuiteRunner.run(SuiteRunner.java:223)
	at org.testng.SuiteRunnerWorker.runSuite(SuiteRunnerWorker.java:52)
	at org.testng.SuiteRunnerWorker.run(SuiteRunnerWorker.java:86)
	at org.testng.TestNG.runSuitesSequentially(TestNG.java:1039)
	at org.testng.TestNG.runSuitesLocally(TestNG.java:964)
	at org.testng.TestNG.run(TestNG.java:900)
	at org.testng.remote.RemoteTestNG.run(RemoteTestNG.java:110)
	at org.testng.remote.RemoteTestNG.initAndRun(RemoteTestNG.java:205)
	at org.testng.remote.RemoteTestNG.main(RemoteTestNG.java:174)
]]>
            </full-stacktrace>
          </exception>
        </test-method>
      </class>
    </test>
  </suite>
</testng-results>
